#
# There is insufficient memory for the Java Runtime Environment to continue.
# Native memory allocation (malloc) failed to allocate 1375280 bytes for Chunk::new
# Possible reasons:
#   The system is out of physical RAM or swap space
#   The process is running with CompressedOops enabled, and the Java Heap may be blocking the growth of the native heap
# Possible solutions:
#   Reduce memory load on the system
#   Increase physical memory or swap space
#   Check if swap backing store is full
#   Decrease Java heap size (-Xmx/-Xms)
#   Decrease number of Java threads
#   Decrease Java thread stack sizes (-Xss)
#   Set larger code cache with -XX:ReservedCodeCacheSize=
#   JVM is running with Unscaled Compressed Oops mode in which the Java heap is
#     placed in the first 4GB address space. The Java Heap base address is the
#     maximum limit for the native heap growth. Please use -XX:HeapBaseMinAddress
#     to set the Java Heap base and to place the Java Heap above 4GB virtual address.
# This output file may be truncated or incomplete.
#
#  Out of Memory Error (arena.cpp:189), pid=8, tid=11612
#
# JRE version: OpenJDK Runtime Environment (17.0.2+8) (build 17.0.2+8-86)
# Java VM: OpenJDK 64-Bit Server VM (17.0.2+8-86, mixed mode, sharing, tiered, compressed oops, compressed class ptrs, g1 gc, windows-amd64)
# No core dump will be written. Minidumps are not enabled by default on client versions of Windows
#

---------------  S U M M A R Y ------------

Command Line: --add-opens=java.base/java.util=ALL-UNNAMED --add-opens=java.base/java.lang=ALL-UNNAMED --add-opens=java.base/java.lang.invoke=ALL-UNNAMED --add-opens=java.prefs/java.util.prefs=ALL-UNNAMED --add-opens=java.base/java.nio.charset=ALL-UNNAMED --add-opens=java.base/java.net=ALL-UNNAMED --add-opens=java.base/java.util.concurrent.atomic=ALL-UNNAMED -Xmx2048m -Dfile.encoding=UTF-8 -Duser.country=US -Duser.language=en -Duser.variant org.gradle.launcher.daemon.bootstrap.GradleDaemon 8.0

Host: Intel(R) Core(TM) i3-9100F CPU @ 3.60GHz, 4 cores, 19G,  Windows 10 , 64 bit Build 17763 (10.0.17763.4720)
Time: Tue Aug 29 17:40:24 2023 Turkey Standard Time elapsed time: 13.645687 seconds (0d 0h 0m 13s)

---------------  T H R E A D  ---------------

Current thread (0x000001b4ad8b1ed0):  JavaThread "C2 CompilerThread0" daemon [_thread_in_native, id=11612, stack(0x0000002d82700000,0x0000002d82800000)]


Current CompileTask:
C2:  13645 2272       4       java.net.URLClassLoader$1::run (5 bytes)

Stack: [0x0000002d82700000,0x0000002d82800000]
Native frames: (J=compiled Java code, j=interpreted, Vv=VM code, C=native code)
V  [jvm.dll+0x670baa]
V  [jvm.dll+0x7cfcb4]
V  [jvm.dll+0x7d145e]
V  [jvm.dll+0x7d1ac3]
V  [jvm.dll+0x242bc5]
V  [jvm.dll+0xaa57b]
V  [jvm.dll+0xaab0c]
V  [jvm.dll+0x35fd07]
V  [jvm.dll+0x1b9982]
V  [jvm.dll+0x215de9]
V  [jvm.dll+0x2150b1]
V  [jvm.dll+0x1a1bbd]
V  [jvm.dll+0x224908]
V  [jvm.dll+0x222a6c]
V  [jvm.dll+0x7859bb]
V  [jvm.dll+0x77ff7a]
V  [jvm.dll+0x66fa35]
C  [ucrtbase.dll+0x2268a]
C  [KERNEL32.DLL+0x17ac4]
C  [ntdll.dll+0x5a351]


---------------  P R O C E S S  ---------------

Threads class SMR info:
_java_thread_list=0x000001b4af9d8860, length=28, elements={
0x000001b48df2a7c0, 0x000001b4ad89b790, 0x000001b4ad89d0d0, 0x000001b4ad8a4a30,
0x000001b4ad8afe00, 0x000001b4ad8b32c0, 0x000001b4ad8b06c0, 0x000001b4ad8b1ed0,
0x000001b4ad8ba780, 0x000001b4ae410060, 0x000001b4ae543b60, 0x000001b4ae54b060,
0x000001b4b04e7ab0, 0x000001b4b0e7f110, 0x000001b4b05962c0, 0x000001b4af1100f0,
0x000001b4afc2e8e0, 0x000001b4afa77070, 0x000001b4afb4b7b0, 0x000001b4afc289d0,
0x000001b4afc2b050, 0x000001b4afc2ab80, 0x000001b4afc29840, 0x000001b4afc2b520,
0x000001b4afc2b9f0, 0x000001b4aef2ed30, 0x000001b4afc2bec0, 0x000001b4afc2a6b0
}

Java Threads: ( => current thread )
  0x000001b48df2a7c0 JavaThread "main" [_thread_blocked, id=14780, stack(0x0000002d81a00000,0x0000002d81b00000)]
  0x000001b4ad89b790 JavaThread "Reference Handler" daemon [_thread_blocked, id=12232, stack(0x0000002d82100000,0x0000002d82200000)]
  0x000001b4ad89d0d0 JavaThread "Finalizer" daemon [_thread_blocked, id=10396, stack(0x0000002d82200000,0x0000002d82300000)]
  0x000001b4ad8a4a30 JavaThread "Signal Dispatcher" daemon [_thread_blocked, id=6660, stack(0x0000002d82300000,0x0000002d82400000)]
  0x000001b4ad8afe00 JavaThread "Attach Listener" daemon [_thread_blocked, id=6520, stack(0x0000002d82400000,0x0000002d82500000)]
  0x000001b4ad8b32c0 JavaThread "Service Thread" daemon [_thread_blocked, id=1828, stack(0x0000002d82500000,0x0000002d82600000)]
  0x000001b4ad8b06c0 JavaThread "Monitor Deflation Thread" daemon [_thread_blocked, id=7412, stack(0x0000002d82600000,0x0000002d82700000)]
=>0x000001b4ad8b1ed0 JavaThread "C2 CompilerThread0" daemon [_thread_in_native, id=11612, stack(0x0000002d82700000,0x0000002d82800000)]
  0x000001b4ad8ba780 JavaThread "C1 CompilerThread0" daemon [_thread_blocked, id=368, stack(0x0000002d82800000,0x0000002d82900000)]
  0x000001b4ae410060 JavaThread "Sweeper thread" daemon [_thread_blocked, id=11488, stack(0x0000002d82900000,0x0000002d82a00000)]
  0x000001b4ae543b60 JavaThread "Common-Cleaner" daemon [_thread_blocked, id=14820, stack(0x0000002d82a00000,0x0000002d82b00000)]
  0x000001b4ae54b060 JavaThread "Notification Thread" daemon [_thread_blocked, id=14876, stack(0x0000002d82b00000,0x0000002d82c00000)]
  0x000001b4b04e7ab0 JavaThread "Daemon health stats" [_thread_blocked, id=4820, stack(0x0000002d83100000,0x0000002d83200000)]
  0x000001b4b0e7f110 JavaThread "Incoming local TCP Connector on port 9904" [_thread_in_native, id=14452, stack(0x0000002d83000000,0x0000002d83100000)]
  0x000001b4b05962c0 JavaThread "Daemon periodic checks" [_thread_blocked, id=7480, stack(0x0000002d83200000,0x0000002d83300000)]
  0x000001b4af1100f0 JavaThread "Daemon" [_thread_blocked, id=13552, stack(0x0000002d83300000,0x0000002d83400000)]
  0x000001b4afc2e8e0 JavaThread "Handler for socket connection from /127.0.0.1:9904 to /127.0.0.1:9905" [_thread_in_native, id=14420, stack(0x0000002d83400000,0x0000002d83500000)]
  0x000001b4afa77070 JavaThread "Cancel handler" [_thread_blocked, id=10928, stack(0x0000002d83500000,0x0000002d83600000)]
  0x000001b4afb4b7b0 JavaThread "Daemon worker" [_thread_in_native, id=12900, stack(0x0000002d83600000,0x0000002d83700000)]
  0x000001b4afc289d0 JavaThread "Asynchronous log dispatcher for DefaultDaemonConnection: socket connection from /127.0.0.1:9904 to /127.0.0.1:9905" [_thread_blocked, id=10848, stack(0x0000002d83700000,0x0000002d83800000)]
  0x000001b4afc2b050 JavaThread "Stdin handler" [_thread_blocked, id=13960, stack(0x0000002d83800000,0x0000002d83900000)]
  0x000001b4afc2ab80 JavaThread "Daemon client event forwarder" [_thread_blocked, id=14412, stack(0x0000002d83900000,0x0000002d83a00000)]
  0x000001b4afc29840 JavaThread "Cache worker for journal cache (D:\Android\Projects\AndroidApp41\gradle\caches\journal-1)" [_thread_blocked, id=6016, stack(0x0000002d83a00000,0x0000002d83b00000)]
  0x000001b4afc2b520 JavaThread "File lock request listener" [_thread_in_native, id=11732, stack(0x0000002d83b00000,0x0000002d83c00000)]
  0x000001b4afc2b9f0 JavaThread "Cache worker for file hash cache (D:\Android\Projects\AndroidApp41\gradle\caches\8.0\fileHashes)" [_thread_blocked, id=11788, stack(0x0000002d83c00000,0x0000002d83d00000)]
  0x000001b4aef2ed30 JavaThread "C2 CompilerThread1" daemon [_thread_in_native, id=8432, stack(0x0000002d83d00000,0x0000002d83e00000)]
  0x000001b4afc2bec0 JavaThread "File watcher server" daemon [_thread_in_native, id=10940, stack(0x0000002d83e00000,0x0000002d83f00000)]
  0x000001b4afc2a6b0 JavaThread "File watcher consumer" daemon [_thread_blocked, id=15288, stack(0x0000002d83f00000,0x0000002d84000000)]

Other Threads:
  0x000001b4ad88d7e0 VMThread "VM Thread" [stack: 0x0000002d82000000,0x0000002d82100000] [id=11620]
  0x000001b4ae54d540 WatcherThread [stack: 0x0000002d82c00000,0x0000002d82d00000] [id=9140]
  0x000001b48ffa0410 GCTaskThread "GC Thread#0" [stack: 0x0000002d81b00000,0x0000002d81c00000] [id=14776]
  0x000001b4aec85f20 GCTaskThread "GC Thread#1" [stack: 0x0000002d82d00000,0x0000002d82e00000] [id=1080]
  0x000001b4aec29040 GCTaskThread "GC Thread#2" [stack: 0x0000002d82e00000,0x0000002d82f00000] [id=2584]
  0x000001b4aec292f0 GCTaskThread "GC Thread#3" [stack: 0x0000002d82f00000,0x0000002d83000000] [id=1752]
  0x000001b48ffb2270 ConcurrentGCThread "G1 Main Marker" [stack: 0x0000002d81c00000,0x0000002d81d00000] [id=14744]
  0x000001b48ffb3ba0 ConcurrentGCThread "G1 Conc#0" [stack: 0x0000002d81d00000,0x0000002d81e00000] [id=14740]
  0x000001b49002ec60 ConcurrentGCThread "G1 Refine#0" [stack: 0x0000002d81e00000,0x0000002d81f00000] [id=12060]
  0x000001b4ad7487b0 ConcurrentGCThread "G1 Service" [stack: 0x0000002d81f00000,0x0000002d82000000] [id=14172]

Threads with active compile tasks:
C2 CompilerThread0    13667 2272       4       java.net.URLClassLoader$1::run (5 bytes)
C2 CompilerThread1    13667 2273   !   4       java.net.URLClassLoader$1::run (81 bytes)

VM state: not at safepoint (normal execution)

VM Mutex/Monitor currently owned by a thread: None

Heap address: 0x0000000080000000, size: 2048 MB, Compressed Oops mode: 32-bit

CDS archive(s) mapped at: [0x0000000800000000-0x0000000800bc0000-0x0000000800bc0000), size 12320768, SharedBaseAddress: 0x0000000800000000, ArchiveRelocationMode: 0.
Compressed class space mapped at: 0x0000000800c00000-0x0000000840c00000, reserved size: 1073741824
Narrow klass base: 0x0000000800000000, Narrow klass shift: 0, Narrow klass range: 0x100000000

GC Precious Log:
 CPUs: 4 total, 4 available
 Memory: 20424M
 Large Page Support: Disabled
 NUMA Support: Disabled
 Compressed Oops: Enabled (32-bit)
 Heap Region Size: 1M
 Heap Min Capacity: 8M
 Heap Initial Capacity: 320M
 Heap Max Capacity: 2G
 Pre-touch: Disabled
 Parallel Workers: 4
 Concurrent Workers: 1
 Concurrent Refinement Workers: 4
 Periodic GC: Disabled

Heap:
 garbage-first heap   total 327680K, used 92686K [0x0000000080000000, 0x0000000100000000)
  region size 1024K, 81 young (82944K), 4 survivors (4096K)
 Metaspace       used 18540K, committed 18816K, reserved 1073152K
  class space    used 2756K, committed 2880K, reserved 1048576K

Heap Regions: E=young(eden), S=young(survivor), O=old, HS=humongous(starts), HC=humongous(continues), CS=collection set, F=free, OA=open archive, CA=closed archive, TAMS=top-at-mark-start (previous, next)
|   0|0x0000000080000000, 0x0000000080100000, 0x0000000080100000|100%|HS|  |TAMS 0x0000000080000000, 0x0000000080000000| Complete 
|   1|0x0000000080100000, 0x0000000080200000, 0x0000000080200000|100%|HC|  |TAMS 0x0000000080100000, 0x0000000080100000| Complete 
|   2|0x0000000080200000, 0x0000000080300000, 0x0000000080300000|100%|HC|  |TAMS 0x0000000080200000, 0x0000000080200000| Complete 
|   3|0x0000000080300000, 0x0000000080400000, 0x0000000080400000|100%|HC|  |TAMS 0x0000000080300000, 0x0000000080300000| Complete 
|   4|0x0000000080400000, 0x0000000080500000, 0x0000000080500000|100%| O|  |TAMS 0x0000000080400000, 0x0000000080400000| Untracked 
|   5|0x0000000080500000, 0x0000000080600000, 0x0000000080600000|100%| O|  |TAMS 0x0000000080500000, 0x0000000080500000| Untracked 
|   6|0x0000000080600000, 0x0000000080700000, 0x0000000080700000|100%| O|  |TAMS 0x0000000080600000, 0x0000000080600000| Untracked 
|   7|0x0000000080700000, 0x0000000080800000, 0x0000000080800000|100%| O|  |TAMS 0x0000000080700000, 0x0000000080700000| Untracked 
|   8|0x0000000080800000, 0x0000000080900000, 0x0000000080900000|100%| O|  |TAMS 0x0000000080800000, 0x0000000080800000| Untracked 
|   9|0x0000000080900000, 0x0000000080a00000, 0x0000000080a00000|100%| O|  |TAMS 0x0000000080900000, 0x0000000080900000| Untracked 
|  10|0x0000000080a00000, 0x0000000080a00000, 0x0000000080b00000|  0%| F|  |TAMS 0x0000000080a00000, 0x0000000080a00000| Untracked 
|  11|0x0000000080b00000, 0x0000000080b83a00, 0x0000000080c00000| 51%| O|  |TAMS 0x0000000080b00000, 0x0000000080b00000| Untracked 
|  12|0x0000000080c00000, 0x0000000080c00000, 0x0000000080d00000|  0%| F|  |TAMS 0x0000000080c00000, 0x0000000080c00000| Untracked 
|  13|0x0000000080d00000, 0x0000000080d00000, 0x0000000080e00000|  0%| F|  |TAMS 0x0000000080d00000, 0x0000000080d00000| Untracked 
|  14|0x0000000080e00000, 0x0000000080e00000, 0x0000000080f00000|  0%| F|  |TAMS 0x0000000080e00000, 0x0000000080e00000| Untracked 
|  15|0x0000000080f00000, 0x0000000080f00000, 0x0000000081000000|  0%| F|  |TAMS 0x0000000080f00000, 0x0000000080f00000| Untracked 
|  16|0x0000000081000000, 0x0000000081000000, 0x0000000081100000|  0%| F|  |TAMS 0x0000000081000000, 0x0000000081000000| Untracked 
|  17|0x0000000081100000, 0x0000000081100000, 0x0000000081200000|  0%| F|  |TAMS 0x0000000081100000, 0x0000000081100000| Untracked 
|  18|0x0000000081200000, 0x0000000081200000, 0x0000000081300000|  0%| F|  |TAMS 0x0000000081200000, 0x0000000081200000| Untracked 
|  19|0x0000000081300000, 0x0000000081300000, 0x0000000081400000|  0%| F|  |TAMS 0x0000000081300000, 0x0000000081300000| Untracked 
|  20|0x0000000081400000, 0x0000000081400000, 0x0000000081500000|  0%| F|  |TAMS 0x0000000081400000, 0x0000000081400000| Untracked 
|  21|0x0000000081500000, 0x0000000081500000, 0x0000000081600000|  0%| F|  |TAMS 0x0000000081500000, 0x0000000081500000| Untracked 
|  22|0x0000000081600000, 0x0000000081600000, 0x0000000081700000|  0%| F|  |TAMS 0x0000000081600000, 0x0000000081600000| Untracked 
|  23|0x0000000081700000, 0x0000000081700000, 0x0000000081800000|  0%| F|  |TAMS 0x0000000081700000, 0x0000000081700000| Untracked 
|  24|0x0000000081800000, 0x0000000081800000, 0x0000000081900000|  0%| F|  |TAMS 0x0000000081800000, 0x0000000081800000| Untracked 
|  25|0x0000000081900000, 0x0000000081900000, 0x0000000081a00000|  0%| F|  |TAMS 0x0000000081900000, 0x0000000081900000| Untracked 
|  26|0x0000000081a00000, 0x0000000081a00000, 0x0000000081b00000|  0%| F|  |TAMS 0x0000000081a00000, 0x0000000081a00000| Untracked 
|  27|0x0000000081b00000, 0x0000000081b00000, 0x0000000081c00000|  0%| F|  |TAMS 0x0000000081b00000, 0x0000000081b00000| Untracked 
|  28|0x0000000081c00000, 0x0000000081c00000, 0x0000000081d00000|  0%| F|  |TAMS 0x0000000081c00000, 0x0000000081c00000| Untracked 
|  29|0x0000000081d00000, 0x0000000081d00000, 0x0000000081e00000|  0%| F|  |TAMS 0x0000000081d00000, 0x0000000081d00000| Untracked 
|  30|0x0000000081e00000, 0x0000000081e00000, 0x0000000081f00000|  0%| F|  |TAMS 0x0000000081e00000, 0x0000000081e00000| Untracked 
|  31|0x0000000081f00000, 0x0000000081f00000, 0x0000000082000000|  0%| F|  |TAMS 0x0000000081f00000, 0x0000000081f00000| Untracked 
|  32|0x0000000082000000, 0x0000000082000000, 0x0000000082100000|  0%| F|  |TAMS 0x0000000082000000, 0x0000000082000000| Untracked 
|  33|0x0000000082100000, 0x0000000082100000, 0x0000000082200000|  0%| F|  |TAMS 0x0000000082100000, 0x0000000082100000| Untracked 
|  34|0x0000000082200000, 0x0000000082200000, 0x0000000082300000|  0%| F|  |TAMS 0x0000000082200000, 0x0000000082200000| Untracked 
|  35|0x0000000082300000, 0x0000000082300000, 0x0000000082400000|  0%| F|  |TAMS 0x0000000082300000, 0x0000000082300000| Untracked 
|  36|0x0000000082400000, 0x0000000082400000, 0x0000000082500000|  0%| F|  |TAMS 0x0000000082400000, 0x0000000082400000| Untracked 
|  37|0x0000000082500000, 0x0000000082500000, 0x0000000082600000|  0%| F|  |TAMS 0x0000000082500000, 0x0000000082500000| Untracked 
|  38|0x0000000082600000, 0x0000000082600000, 0x0000000082700000|  0%| F|  |TAMS 0x0000000082600000, 0x0000000082600000| Untracked 
|  39|0x0000000082700000, 0x0000000082700000, 0x0000000082800000|  0%| F|  |TAMS 0x0000000082700000, 0x0000000082700000| Untracked 
|  40|0x0000000082800000, 0x0000000082800000, 0x0000000082900000|  0%| F|  |TAMS 0x0000000082800000, 0x0000000082800000| Untracked 
|  41|0x0000000082900000, 0x0000000082900000, 0x0000000082a00000|  0%| F|  |TAMS 0x0000000082900000, 0x0000000082900000| Untracked 
|  42|0x0000000082a00000, 0x0000000082a00000, 0x0000000082b00000|  0%| F|  |TAMS 0x0000000082a00000, 0x0000000082a00000| Untracked 
|  43|0x0000000082b00000, 0x0000000082b00000, 0x0000000082c00000|  0%| F|  |TAMS 0x0000000082b00000, 0x0000000082b00000| Untracked 
|  44|0x0000000082c00000, 0x0000000082c00000, 0x0000000082d00000|  0%| F|  |TAMS 0x0000000082c00000, 0x0000000082c00000| Untracked 
|  45|0x0000000082d00000, 0x0000000082d00000, 0x0000000082e00000|  0%| F|  |TAMS 0x0000000082d00000, 0x0000000082d00000| Untracked 
|  46|0x0000000082e00000, 0x0000000082e00000, 0x0000000082f00000|  0%| F|  |TAMS 0x0000000082e00000, 0x0000000082e00000| Untracked 
|  47|0x0000000082f00000, 0x0000000082f00000, 0x0000000083000000|  0%| F|  |TAMS 0x0000000082f00000, 0x0000000082f00000| Untracked 
|  48|0x0000000083000000, 0x0000000083000000, 0x0000000083100000|  0%| F|  |TAMS 0x0000000083000000, 0x0000000083000000| Untracked 
|  49|0x0000000083100000, 0x0000000083100000, 0x0000000083200000|  0%| F|  |TAMS 0x0000000083100000, 0x0000000083100000| Untracked 
|  50|0x0000000083200000, 0x0000000083200000, 0x0000000083300000|  0%| F|  |TAMS 0x0000000083200000, 0x0000000083200000| Untracked 
|  51|0x0000000083300000, 0x0000000083300000, 0x0000000083400000|  0%| F|  |TAMS 0x0000000083300000, 0x0000000083300000| Untracked 
|  52|0x0000000083400000, 0x0000000083400000, 0x0000000083500000|  0%| F|  |TAMS 0x0000000083400000, 0x0000000083400000| Untracked 
|  53|0x0000000083500000, 0x0000000083500000, 0x0000000083600000|  0%| F|  |TAMS 0x0000000083500000, 0x0000000083500000| Untracked 
|  54|0x0000000083600000, 0x0000000083600000, 0x0000000083700000|  0%| F|  |TAMS 0x0000000083600000, 0x0000000083600000| Untracked 
|  55|0x0000000083700000, 0x0000000083700000, 0x0000000083800000|  0%| F|  |TAMS 0x0000000083700000, 0x0000000083700000| Untracked 
|  56|0x0000000083800000, 0x0000000083800000, 0x0000000083900000|  0%| F|  |TAMS 0x0000000083800000, 0x0000000083800000| Untracked 
|  57|0x0000000083900000, 0x0000000083900000, 0x0000000083a00000|  0%| F|  |TAMS 0x0000000083900000, 0x0000000083900000| Untracked 
|  58|0x0000000083a00000, 0x0000000083a00000, 0x0000000083b00000|  0%| F|  |TAMS 0x0000000083a00000, 0x0000000083a00000| Untracked 
|  59|0x0000000083b00000, 0x0000000083b00000, 0x0000000083c00000|  0%| F|  |TAMS 0x0000000083b00000, 0x0000000083b00000| Untracked 
|  60|0x0000000083c00000, 0x0000000083c00000, 0x0000000083d00000|  0%| F|  |TAMS 0x0000000083c00000, 0x0000000083c00000| Untracked 
|  61|0x0000000083d00000, 0x0000000083d00000, 0x0000000083e00000|  0%| F|  |TAMS 0x0000000083d00000, 0x0000000083d00000| Untracked 
|  62|0x0000000083e00000, 0x0000000083e00000, 0x0000000083f00000|  0%| F|  |TAMS 0x0000000083e00000, 0x0000000083e00000| Untracked 
|  63|0x0000000083f00000, 0x0000000083f00000, 0x0000000084000000|  0%| F|  |TAMS 0x0000000083f00000, 0x0000000083f00000| Untracked 
|  64|0x0000000084000000, 0x0000000084000000, 0x0000000084100000|  0%| F|  |TAMS 0x0000000084000000, 0x0000000084000000| Untracked 
|  65|0x0000000084100000, 0x0000000084100000, 0x0000000084200000|  0%| F|  |TAMS 0x0000000084100000, 0x0000000084100000| Untracked 
|  66|0x0000000084200000, 0x0000000084200000, 0x0000000084300000|  0%| F|  |TAMS 0x0000000084200000, 0x0000000084200000| Untracked 
|  67|0x0000000084300000, 0x0000000084300000, 0x0000000084400000|  0%| F|  |TAMS 0x0000000084300000, 0x0000000084300000| Untracked 
|  68|0x0000000084400000, 0x0000000084400000, 0x0000000084500000|  0%| F|  |TAMS 0x0000000084400000, 0x0000000084400000| Untracked 
|  69|0x0000000084500000, 0x0000000084500000, 0x0000000084600000|  0%| F|  |TAMS 0x0000000084500000, 0x0000000084500000| Untracked 
|  70|0x0000000084600000, 0x0000000084600000, 0x0000000084700000|  0%| F|  |TAMS 0x0000000084600000, 0x0000000084600000| Untracked 
|  71|0x0000000084700000, 0x0000000084700000, 0x0000000084800000|  0%| F|  |TAMS 0x0000000084700000, 0x0000000084700000| Untracked 
|  72|0x0000000084800000, 0x0000000084800000, 0x0000000084900000|  0%| F|  |TAMS 0x0000000084800000, 0x0000000084800000| Untracked 
|  73|0x0000000084900000, 0x0000000084900000, 0x0000000084a00000|  0%| F|  |TAMS 0x0000000084900000, 0x0000000084900000| Untracked 
|  74|0x0000000084a00000, 0x0000000084a00000, 0x0000000084b00000|  0%| F|  |TAMS 0x0000000084a00000, 0x0000000084a00000| Untracked 
|  75|0x0000000084b00000, 0x0000000084b00000, 0x0000000084c00000|  0%| F|  |TAMS 0x0000000084b00000, 0x0000000084b00000| Untracked 
|  76|0x0000000084c00000, 0x0000000084c00000, 0x0000000084d00000|  0%| F|  |TAMS 0x0000000084c00000, 0x0000000084c00000| Untracked 
|  77|0x0000000084d00000, 0x0000000084d00000, 0x0000000084e00000|  0%| F|  |TAMS 0x0000000084d00000, 0x0000000084d00000| Untracked 
|  78|0x0000000084e00000, 0x0000000084e00000, 0x0000000084f00000|  0%| F|  |TAMS 0x0000000084e00000, 0x0000000084e00000| Untracked 
|  79|0x0000000084f00000, 0x0000000084f00000, 0x0000000085000000|  0%| F|  |TAMS 0x0000000084f00000, 0x0000000084f00000| Untracked 
|  80|0x0000000085000000, 0x0000000085000000, 0x0000000085100000|  0%| F|  |TAMS 0x0000000085000000, 0x0000000085000000| Untracked 
|  81|0x0000000085100000, 0x0000000085100000, 0x0000000085200000|  0%| F|  |TAMS 0x0000000085100000, 0x0000000085100000| Untracked 
|  82|0x0000000085200000, 0x0000000085200000, 0x0000000085300000|  0%| F|  |TAMS 0x0000000085200000, 0x0000000085200000| Untracked 
|  83|0x0000000085300000, 0x0000000085300000, 0x0000000085400000|  0%| F|  |TAMS 0x0000000085300000, 0x0000000085300000| Untracked 
|  84|0x0000000085400000, 0x0000000085400000, 0x0000000085500000|  0%| F|  |TAMS 0x0000000085400000, 0x0000000085400000| Untracked 
|  85|0x0000000085500000, 0x0000000085500000, 0x0000000085600000|  0%| F|  |TAMS 0x0000000085500000, 0x0000000085500000| Untracked 
|  86|0x0000000085600000, 0x0000000085600000, 0x0000000085700000|  0%| F|  |TAMS 0x0000000085600000, 0x0000000085600000| Untracked 
|  87|0x0000000085700000, 0x0000000085700000, 0x0000000085800000|  0%| F|  |TAMS 0x0000000085700000, 0x0000000085700000| Untracked 
|  88|0x0000000085800000, 0x0000000085800000, 0x0000000085900000|  0%| F|  |TAMS 0x0000000085800000, 0x0000000085800000| Untracked 
|  89|0x0000000085900000, 0x0000000085900000, 0x0000000085a00000|  0%| F|  |TAMS 0x0000000085900000, 0x0000000085900000| Untracked 
|  90|0x0000000085a00000, 0x0000000085a00000, 0x0000000085b00000|  0%| F|  |TAMS 0x0000000085a00000, 0x0000000085a00000| Untracked 
|  91|0x0000000085b00000, 0x0000000085b00000, 0x0000000085c00000|  0%| F|  |TAMS 0x0000000085b00000, 0x0000000085b00000| Untracked 
|  92|0x0000000085c00000, 0x0000000085c00000, 0x0000000085d00000|  0%| F|  |TAMS 0x0000000085c00000, 0x0000000085c00000| Untracked 
|  93|0x0000000085d00000, 0x0000000085d00000, 0x0000000085e00000|  0%| F|  |TAMS 0x0000000085d00000, 0x0000000085d00000| Untracked 
|  94|0x0000000085e00000, 0x0000000085e00000, 0x0000000085f00000|  0%| F|  |TAMS 0x0000000085e00000, 0x0000000085e00000| Untracked 
|  95|0x0000000085f00000, 0x0000000085f00000, 0x0000000086000000|  0%| F|  |TAMS 0x0000000085f00000, 0x0000000085f00000| Untracked 
|  96|0x0000000086000000, 0x0000000086000000, 0x0000000086100000|  0%| F|  |TAMS 0x0000000086000000, 0x0000000086000000| Untracked 
|  97|0x0000000086100000, 0x0000000086100000, 0x0000000086200000|  0%| F|  |TAMS 0x0000000086100000, 0x0000000086100000| Untracked 
|  98|0x0000000086200000, 0x0000000086200000, 0x0000000086300000|  0%| F|  |TAMS 0x0000000086200000, 0x0000000086200000| Untracked 
|  99|0x0000000086300000, 0x0000000086300000, 0x0000000086400000|  0%| F|  |TAMS 0x0000000086300000, 0x0000000086300000| Untracked 
| 100|0x0000000086400000, 0x0000000086400000, 0x0000000086500000|  0%| F|  |TAMS 0x0000000086400000, 0x0000000086400000| Untracked 
| 101|0x0000000086500000, 0x0000000086500000, 0x0000000086600000|  0%| F|  |TAMS 0x0000000086500000, 0x0000000086500000| Untracked 
| 102|0x0000000086600000, 0x0000000086600000, 0x0000000086700000|  0%| F|  |TAMS 0x0000000086600000, 0x0000000086600000| Untracked 
| 103|0x0000000086700000, 0x0000000086700000, 0x0000000086800000|  0%| F|  |TAMS 0x0000000086700000, 0x0000000086700000| Untracked 
| 104|0x0000000086800000, 0x0000000086800000, 0x0000000086900000|  0%| F|  |TAMS 0x0000000086800000, 0x0000000086800000| Untracked 
| 105|0x0000000086900000, 0x0000000086900000, 0x0000000086a00000|  0%| F|  |TAMS 0x0000000086900000, 0x0000000086900000| Untracked 
| 106|0x0000000086a00000, 0x0000000086a00000, 0x0000000086b00000|  0%| F|  |TAMS 0x0000000086a00000, 0x0000000086a00000| Untracked 
| 107|0x0000000086b00000, 0x0000000086b00000, 0x0000000086c00000|  0%| F|  |TAMS 0x0000000086b00000, 0x0000000086b00000| Untracked 
| 108|0x0000000086c00000, 0x0000000086c00000, 0x0000000086d00000|  0%| F|  |TAMS 0x0000000086c00000, 0x0000000086c00000| Untracked 
| 109|0x0000000086d00000, 0x0000000086d00000, 0x0000000086e00000|  0%| F|  |TAMS 0x0000000086d00000, 0x0000000086d00000| Untracked 
| 110|0x0000000086e00000, 0x0000000086e00000, 0x0000000086f00000|  0%| F|  |TAMS 0x0000000086e00000, 0x0000000086e00000| Untracked 
| 111|0x0000000086f00000, 0x0000000086f00000, 0x0000000087000000|  0%| F|  |TAMS 0x0000000086f00000, 0x0000000086f00000| Untracked 
| 112|0x0000000087000000, 0x0000000087000000, 0x0000000087100000|  0%| F|  |TAMS 0x0000000087000000, 0x0000000087000000| Untracked 
| 113|0x0000000087100000, 0x0000000087100000, 0x0000000087200000|  0%| F|  |TAMS 0x0000000087100000, 0x0000000087100000| Untracked 
| 114|0x0000000087200000, 0x0000000087200000, 0x0000000087300000|  0%| F|  |TAMS 0x0000000087200000, 0x0000000087200000| Untracked 
| 115|0x0000000087300000, 0x0000000087300000, 0x0000000087400000|  0%| F|  |TAMS 0x0000000087300000, 0x0000000087300000| Untracked 
| 116|0x0000000087400000, 0x0000000087400000, 0x0000000087500000|  0%| F|  |TAMS 0x0000000087400000, 0x0000000087400000| Untracked 
| 117|0x0000000087500000, 0x0000000087500000, 0x0000000087600000|  0%| F|  |TAMS 0x0000000087500000, 0x0000000087500000| Untracked 
| 118|0x0000000087600000, 0x0000000087600000, 0x0000000087700000|  0%| F|  |TAMS 0x0000000087600000, 0x0000000087600000| Untracked 
| 119|0x0000000087700000, 0x0000000087700000, 0x0000000087800000|  0%| F|  |TAMS 0x0000000087700000, 0x0000000087700000| Untracked 
| 120|0x0000000087800000, 0x0000000087800000, 0x0000000087900000|  0%| F|  |TAMS 0x0000000087800000, 0x0000000087800000| Untracked 
| 121|0x0000000087900000, 0x0000000087900000, 0x0000000087a00000|  0%| F|  |TAMS 0x0000000087900000, 0x0000000087900000| Untracked 
| 122|0x0000000087a00000, 0x0000000087a00000, 0x0000000087b00000|  0%| F|  |TAMS 0x0000000087a00000, 0x0000000087a00000| Untracked 
| 123|0x0000000087b00000, 0x0000000087b00000, 0x0000000087c00000|  0%| F|  |TAMS 0x0000000087b00000, 0x0000000087b00000| Untracked 
| 124|0x0000000087c00000, 0x0000000087c00000, 0x0000000087d00000|  0%| F|  |TAMS 0x0000000087c00000, 0x0000000087c00000| Untracked 
| 125|0x0000000087d00000, 0x0000000087d00000, 0x0000000087e00000|  0%| F|  |TAMS 0x0000000087d00000, 0x0000000087d00000| Untracked 
| 126|0x0000000087e00000, 0x0000000087e00000, 0x0000000087f00000|  0%| F|  |TAMS 0x0000000087e00000, 0x0000000087e00000| Untracked 
| 127|0x0000000087f00000, 0x0000000087f00000, 0x0000000088000000|  0%| F|  |TAMS 0x0000000087f00000, 0x0000000087f00000| Untracked 
| 128|0x0000000088000000, 0x0000000088000000, 0x0000000088100000|  0%| F|  |TAMS 0x0000000088000000, 0x0000000088000000| Untracked 
| 129|0x0000000088100000, 0x0000000088100000, 0x0000000088200000|  0%| F|  |TAMS 0x0000000088100000, 0x0000000088100000| Untracked 
| 130|0x0000000088200000, 0x0000000088200000, 0x0000000088300000|  0%| F|  |TAMS 0x0000000088200000, 0x0000000088200000| Untracked 
| 131|0x0000000088300000, 0x0000000088300000, 0x0000000088400000|  0%| F|  |TAMS 0x0000000088300000, 0x0000000088300000| Untracked 
| 132|0x0000000088400000, 0x0000000088400000, 0x0000000088500000|  0%| F|  |TAMS 0x0000000088400000, 0x0000000088400000| Untracked 
| 133|0x0000000088500000, 0x0000000088500000, 0x0000000088600000|  0%| F|  |TAMS 0x0000000088500000, 0x0000000088500000| Untracked 
| 134|0x0000000088600000, 0x0000000088600000, 0x0000000088700000|  0%| F|  |TAMS 0x0000000088600000, 0x0000000088600000| Untracked 
| 135|0x0000000088700000, 0x0000000088700000, 0x0000000088800000|  0%| F|  |TAMS 0x0000000088700000, 0x0000000088700000| Untracked 
| 136|0x0000000088800000, 0x0000000088800000, 0x0000000088900000|  0%| F|  |TAMS 0x0000000088800000, 0x0000000088800000| Untracked 
| 137|0x0000000088900000, 0x0000000088900000, 0x0000000088a00000|  0%| F|  |TAMS 0x0000000088900000, 0x0000000088900000| Untracked 
| 138|0x0000000088a00000, 0x0000000088a00000, 0x0000000088b00000|  0%| F|  |TAMS 0x0000000088a00000, 0x0000000088a00000| Untracked 
| 139|0x0000000088b00000, 0x0000000088b00000, 0x0000000088c00000|  0%| F|  |TAMS 0x0000000088b00000, 0x0000000088b00000| Untracked 
| 140|0x0000000088c00000, 0x0000000088c00000, 0x0000000088d00000|  0%| F|  |TAMS 0x0000000088c00000, 0x0000000088c00000| Untracked 
| 141|0x0000000088d00000, 0x0000000088d00000, 0x0000000088e00000|  0%| F|  |TAMS 0x0000000088d00000, 0x0000000088d00000| Untracked 
| 142|0x0000000088e00000, 0x0000000088e00000, 0x0000000088f00000|  0%| F|  |TAMS 0x0000000088e00000, 0x0000000088e00000| Untracked 
| 143|0x0000000088f00000, 0x0000000088f00000, 0x0000000089000000|  0%| F|  |TAMS 0x0000000088f00000, 0x0000000088f00000| Untracked 
| 144|0x0000000089000000, 0x0000000089000000, 0x0000000089100000|  0%| F|  |TAMS 0x0000000089000000, 0x0000000089000000| Untracked 
| 145|0x0000000089100000, 0x0000000089100000, 0x0000000089200000|  0%| F|  |TAMS 0x0000000089100000, 0x0000000089100000| Untracked 
| 146|0x0000000089200000, 0x0000000089200000, 0x0000000089300000|  0%| F|  |TAMS 0x0000000089200000, 0x0000000089200000| Untracked 
| 147|0x0000000089300000, 0x0000000089300000, 0x0000000089400000|  0%| F|  |TAMS 0x0000000089300000, 0x0000000089300000| Untracked 
| 148|0x0000000089400000, 0x0000000089400000, 0x0000000089500000|  0%| F|  |TAMS 0x0000000089400000, 0x0000000089400000| Untracked 
| 149|0x0000000089500000, 0x0000000089500000, 0x0000000089600000|  0%| F|  |TAMS 0x0000000089500000, 0x0000000089500000| Untracked 
| 150|0x0000000089600000, 0x0000000089600000, 0x0000000089700000|  0%| F|  |TAMS 0x0000000089600000, 0x0000000089600000| Untracked 
| 151|0x0000000089700000, 0x0000000089700000, 0x0000000089800000|  0%| F|  |TAMS 0x0000000089700000, 0x0000000089700000| Untracked 
| 152|0x0000000089800000, 0x0000000089800000, 0x0000000089900000|  0%| F|  |TAMS 0x0000000089800000, 0x0000000089800000| Untracked 
| 153|0x0000000089900000, 0x0000000089900000, 0x0000000089a00000|  0%| F|  |TAMS 0x0000000089900000, 0x0000000089900000| Untracked 
| 154|0x0000000089a00000, 0x0000000089a00000, 0x0000000089b00000|  0%| F|  |TAMS 0x0000000089a00000, 0x0000000089a00000| Untracked 
| 155|0x0000000089b00000, 0x0000000089b00000, 0x0000000089c00000|  0%| F|  |TAMS 0x0000000089b00000, 0x0000000089b00000| Untracked 
| 156|0x0000000089c00000, 0x0000000089c00000, 0x0000000089d00000|  0%| F|  |TAMS 0x0000000089c00000, 0x0000000089c00000| Untracked 
| 157|0x0000000089d00000, 0x0000000089d00000, 0x0000000089e00000|  0%| F|  |TAMS 0x0000000089d00000, 0x0000000089d00000| Untracked 
| 158|0x0000000089e00000, 0x0000000089e00000, 0x0000000089f00000|  0%| F|  |TAMS 0x0000000089e00000, 0x0000000089e00000| Untracked 
| 159|0x0000000089f00000, 0x0000000089f00000, 0x000000008a000000|  0%| F|  |TAMS 0x0000000089f00000, 0x0000000089f00000| Untracked 
| 160|0x000000008a000000, 0x000000008a000000, 0x000000008a100000|  0%| F|  |TAMS 0x000000008a000000, 0x000000008a000000| Untracked 
| 161|0x000000008a100000, 0x000000008a100000, 0x000000008a200000|  0%| F|  |TAMS 0x000000008a100000, 0x000000008a100000| Untracked 
| 162|0x000000008a200000, 0x000000008a200000, 0x000000008a300000|  0%| F|  |TAMS 0x000000008a200000, 0x000000008a200000| Untracked 
| 163|0x000000008a300000, 0x000000008a300000, 0x000000008a400000|  0%| F|  |TAMS 0x000000008a300000, 0x000000008a300000| Untracked 
| 164|0x000000008a400000, 0x000000008a400000, 0x000000008a500000|  0%| F|  |TAMS 0x000000008a400000, 0x000000008a400000| Untracked 
| 165|0x000000008a500000, 0x000000008a500000, 0x000000008a600000|  0%| F|  |TAMS 0x000000008a500000, 0x000000008a500000| Untracked 
| 166|0x000000008a600000, 0x000000008a600000, 0x000000008a700000|  0%| F|  |TAMS 0x000000008a600000, 0x000000008a600000| Untracked 
| 167|0x000000008a700000, 0x000000008a700000, 0x000000008a800000|  0%| F|  |TAMS 0x000000008a700000, 0x000000008a700000| Untracked 
| 168|0x000000008a800000, 0x000000008a800000, 0x000000008a900000|  0%| F|  |TAMS 0x000000008a800000, 0x000000008a800000| Untracked 
| 169|0x000000008a900000, 0x000000008a900000, 0x000000008aa00000|  0%| F|  |TAMS 0x000000008a900000, 0x000000008a900000| Untracked 
| 170|0x000000008aa00000, 0x000000008aa00000, 0x000000008ab00000|  0%| F|  |TAMS 0x000000008aa00000, 0x000000008aa00000| Untracked 
| 171|0x000000008ab00000, 0x000000008ab00000, 0x000000008ac00000|  0%| F|  |TAMS 0x000000008ab00000, 0x000000008ab00000| Untracked 
| 172|0x000000008ac00000, 0x000000008ac00000, 0x000000008ad00000|  0%| F|  |TAMS 0x000000008ac00000, 0x000000008ac00000| Untracked 
| 173|0x000000008ad00000, 0x000000008ad00000, 0x000000008ae00000|  0%| F|  |TAMS 0x000000008ad00000, 0x000000008ad00000| Untracked 
| 174|0x000000008ae00000, 0x000000008ae00000, 0x000000008af00000|  0%| F|  |TAMS 0x000000008ae00000, 0x000000008ae00000| Untracked 
| 175|0x000000008af00000, 0x000000008af00000, 0x000000008b000000|  0%| F|  |TAMS 0x000000008af00000, 0x000000008af00000| Untracked 
| 176|0x000000008b000000, 0x000000008b000000, 0x000000008b100000|  0%| F|  |TAMS 0x000000008b000000, 0x000000008b000000| Untracked 
| 177|0x000000008b100000, 0x000000008b100000, 0x000000008b200000|  0%| F|  |TAMS 0x000000008b100000, 0x000000008b100000| Untracked 
| 178|0x000000008b200000, 0x000000008b200000, 0x000000008b300000|  0%| F|  |TAMS 0x000000008b200000, 0x000000008b200000| Untracked 
| 179|0x000000008b300000, 0x000000008b300000, 0x000000008b400000|  0%| F|  |TAMS 0x000000008b300000, 0x000000008b300000| Untracked 
| 180|0x000000008b400000, 0x000000008b400000, 0x000000008b500000|  0%| F|  |TAMS 0x000000008b400000, 0x000000008b400000| Untracked 
| 181|0x000000008b500000, 0x000000008b500000, 0x000000008b600000|  0%| F|  |TAMS 0x000000008b500000, 0x000000008b500000| Untracked 
| 182|0x000000008b600000, 0x000000008b600000, 0x000000008b700000|  0%| F|  |TAMS 0x000000008b600000, 0x000000008b600000| Untracked 
| 183|0x000000008b700000, 0x000000008b700000, 0x000000008b800000|  0%| F|  |TAMS 0x000000008b700000, 0x000000008b700000| Untracked 
| 184|0x000000008b800000, 0x000000008b800000, 0x000000008b900000|  0%| F|  |TAMS 0x000000008b800000, 0x000000008b800000| Untracked 
| 185|0x000000008b900000, 0x000000008b900000, 0x000000008ba00000|  0%| F|  |TAMS 0x000000008b900000, 0x000000008b900000| Untracked 
| 186|0x000000008ba00000, 0x000000008ba00000, 0x000000008bb00000|  0%| F|  |TAMS 0x000000008ba00000, 0x000000008ba00000| Untracked 
| 187|0x000000008bb00000, 0x000000008bb00000, 0x000000008bc00000|  0%| F|  |TAMS 0x000000008bb00000, 0x000000008bb00000| Untracked 
| 188|0x000000008bc00000, 0x000000008bc00000, 0x000000008bd00000|  0%| F|  |TAMS 0x000000008bc00000, 0x000000008bc00000| Untracked 
| 189|0x000000008bd00000, 0x000000008bd00000, 0x000000008be00000|  0%| F|  |TAMS 0x000000008bd00000, 0x000000008bd00000| Untracked 
| 190|0x000000008be00000, 0x000000008be00000, 0x000000008bf00000|  0%| F|  |TAMS 0x000000008be00000, 0x000000008be00000| Untracked 
| 191|0x000000008bf00000, 0x000000008bf00000, 0x000000008c000000|  0%| F|  |TAMS 0x000000008bf00000, 0x000000008bf00000| Untracked 
| 192|0x000000008c000000, 0x000000008c000000, 0x000000008c100000|  0%| F|  |TAMS 0x000000008c000000, 0x000000008c000000| Untracked 
| 193|0x000000008c100000, 0x000000008c100000, 0x000000008c200000|  0%| F|  |TAMS 0x000000008c100000, 0x000000008c100000| Untracked 
| 194|0x000000008c200000, 0x000000008c200000, 0x000000008c300000|  0%| F|  |TAMS 0x000000008c200000, 0x000000008c200000| Untracked 
| 195|0x000000008c300000, 0x000000008c300000, 0x000000008c400000|  0%| F|  |TAMS 0x000000008c300000, 0x000000008c300000| Untracked 
| 196|0x000000008c400000, 0x000000008c400000, 0x000000008c500000|  0%| F|  |TAMS 0x000000008c400000, 0x000000008c400000| Untracked 
| 197|0x000000008c500000, 0x000000008c500000, 0x000000008c600000|  0%| F|  |TAMS 0x000000008c500000, 0x000000008c500000| Untracked 
| 198|0x000000008c600000, 0x000000008c600000, 0x000000008c700000|  0%| F|  |TAMS 0x000000008c600000, 0x000000008c600000| Untracked 
| 199|0x000000008c700000, 0x000000008c700000, 0x000000008c800000|  0%| F|  |TAMS 0x000000008c700000, 0x000000008c700000| Untracked 
| 200|0x000000008c800000, 0x000000008c800000, 0x000000008c900000|  0%| F|  |TAMS 0x000000008c800000, 0x000000008c800000| Untracked 
| 201|0x000000008c900000, 0x000000008c900000, 0x000000008ca00000|  0%| F|  |TAMS 0x000000008c900000, 0x000000008c900000| Untracked 
| 202|0x000000008ca00000, 0x000000008ca00000, 0x000000008cb00000|  0%| F|  |TAMS 0x000000008ca00000, 0x000000008ca00000| Untracked 
| 203|0x000000008cb00000, 0x000000008cb00000, 0x000000008cc00000|  0%| F|  |TAMS 0x000000008cb00000, 0x000000008cb00000| Untracked 
| 204|0x000000008cc00000, 0x000000008cc00000, 0x000000008cd00000|  0%| F|  |TAMS 0x000000008cc00000, 0x000000008cc00000| Untracked 
| 205|0x000000008cd00000, 0x000000008cd00000, 0x000000008ce00000|  0%| F|  |TAMS 0x000000008cd00000, 0x000000008cd00000| Untracked 
| 206|0x000000008ce00000, 0x000000008ce00000, 0x000000008cf00000|  0%| F|  |TAMS 0x000000008ce00000, 0x000000008ce00000| Untracked 
| 207|0x000000008cf00000, 0x000000008cf00000, 0x000000008d000000|  0%| F|  |TAMS 0x000000008cf00000, 0x000000008cf00000| Untracked 
| 208|0x000000008d000000, 0x000000008d000000, 0x000000008d100000|  0%| F|  |TAMS 0x000000008d000000, 0x000000008d000000| Untracked 
| 209|0x000000008d100000, 0x000000008d100000, 0x000000008d200000|  0%| F|  |TAMS 0x000000008d100000, 0x000000008d100000| Untracked 
| 210|0x000000008d200000, 0x000000008d200000, 0x000000008d300000|  0%| F|  |TAMS 0x000000008d200000, 0x000000008d200000| Untracked 
| 211|0x000000008d300000, 0x000000008d300000, 0x000000008d400000|  0%| F|  |TAMS 0x000000008d300000, 0x000000008d300000| Untracked 
| 212|0x000000008d400000, 0x000000008d400000, 0x000000008d500000|  0%| F|  |TAMS 0x000000008d400000, 0x000000008d400000| Untracked 
| 213|0x000000008d500000, 0x000000008d500000, 0x000000008d600000|  0%| F|  |TAMS 0x000000008d500000, 0x000000008d500000| Untracked 
| 214|0x000000008d600000, 0x000000008d600000, 0x000000008d700000|  0%| F|  |TAMS 0x000000008d600000, 0x000000008d600000| Untracked 
| 215|0x000000008d700000, 0x000000008d700000, 0x000000008d800000|  0%| F|  |TAMS 0x000000008d700000, 0x000000008d700000| Untracked 
| 216|0x000000008d800000, 0x000000008d800000, 0x000000008d900000|  0%| F|  |TAMS 0x000000008d800000, 0x000000008d800000| Untracked 
| 217|0x000000008d900000, 0x000000008d900000, 0x000000008da00000|  0%| F|  |TAMS 0x000000008d900000, 0x000000008d900000| Untracked 
| 218|0x000000008da00000, 0x000000008da00000, 0x000000008db00000|  0%| F|  |TAMS 0x000000008da00000, 0x000000008da00000| Untracked 
| 219|0x000000008db00000, 0x000000008db00000, 0x000000008dc00000|  0%| F|  |TAMS 0x000000008db00000, 0x000000008db00000| Untracked 
| 220|0x000000008dc00000, 0x000000008dc00000, 0x000000008dd00000|  0%| F|  |TAMS 0x000000008dc00000, 0x000000008dc00000| Untracked 
| 221|0x000000008dd00000, 0x000000008dd00000, 0x000000008de00000|  0%| F|  |TAMS 0x000000008dd00000, 0x000000008dd00000| Untracked 
| 222|0x000000008de00000, 0x000000008de00000, 0x000000008df00000|  0%| F|  |TAMS 0x000000008de00000, 0x000000008de00000| Untracked 
| 223|0x000000008df00000, 0x000000008df00000, 0x000000008e000000|  0%| F|  |TAMS 0x000000008df00000, 0x000000008df00000| Untracked 
| 224|0x000000008e000000, 0x000000008e000000, 0x000000008e100000|  0%| F|  |TAMS 0x000000008e000000, 0x000000008e000000| Untracked 
| 225|0x000000008e100000, 0x000000008e100000, 0x000000008e200000|  0%| F|  |TAMS 0x000000008e100000, 0x000000008e100000| Untracked 
| 226|0x000000008e200000, 0x000000008e200000, 0x000000008e300000|  0%| F|  |TAMS 0x000000008e200000, 0x000000008e200000| Untracked 
| 227|0x000000008e300000, 0x000000008e300000, 0x000000008e400000|  0%| F|  |TAMS 0x000000008e300000, 0x000000008e300000| Untracked 
| 228|0x000000008e400000, 0x000000008e400000, 0x000000008e500000|  0%| F|  |TAMS 0x000000008e400000, 0x000000008e400000| Untracked 
| 229|0x000000008e500000, 0x000000008e500000, 0x000000008e600000|  0%| F|  |TAMS 0x000000008e500000, 0x000000008e500000| Untracked 
| 230|0x000000008e600000, 0x000000008e600000, 0x000000008e700000|  0%| F|  |TAMS 0x000000008e600000, 0x000000008e600000| Untracked 
| 231|0x000000008e700000, 0x000000008e700000, 0x000000008e800000|  0%| F|  |TAMS 0x000000008e700000, 0x000000008e700000| Untracked 
| 232|0x000000008e800000, 0x000000008e800000, 0x000000008e900000|  0%| F|  |TAMS 0x000000008e800000, 0x000000008e800000| Untracked 
| 233|0x000000008e900000, 0x000000008e900000, 0x000000008ea00000|  0%| F|  |TAMS 0x000000008e900000, 0x000000008e900000| Untracked 
| 234|0x000000008ea00000, 0x000000008ea00000, 0x000000008eb00000|  0%| F|  |TAMS 0x000000008ea00000, 0x000000008ea00000| Untracked 
| 235|0x000000008eb00000, 0x000000008eb00000, 0x000000008ec00000|  0%| F|  |TAMS 0x000000008eb00000, 0x000000008eb00000| Untracked 
| 236|0x000000008ec00000, 0x000000008ec00000, 0x000000008ed00000|  0%| F|  |TAMS 0x000000008ec00000, 0x000000008ec00000| Untracked 
| 237|0x000000008ed00000, 0x000000008ed00000, 0x000000008ee00000|  0%| F|  |TAMS 0x000000008ed00000, 0x000000008ed00000| Untracked 
| 238|0x000000008ee00000, 0x000000008ee80800, 0x000000008ef00000| 50%| E|  |TAMS 0x000000008ee00000, 0x000000008ee00000| Complete 
| 239|0x000000008ef00000, 0x000000008f000000, 0x000000008f000000|100%| E|CS|TAMS 0x000000008ef00000, 0x000000008ef00000| Complete 
| 240|0x000000008f000000, 0x000000008f100000, 0x000000008f100000|100%| E|CS|TAMS 0x000000008f000000, 0x000000008f000000| Complete 
| 241|0x000000008f100000, 0x000000008f200000, 0x000000008f200000|100%| E|CS|TAMS 0x000000008f100000, 0x000000008f100000| Complete 
| 242|0x000000008f200000, 0x000000008f300000, 0x000000008f300000|100%| E|CS|TAMS 0x000000008f200000, 0x000000008f200000| Complete 
| 243|0x000000008f300000, 0x000000008f400000, 0x000000008f400000|100%| E|CS|TAMS 0x000000008f300000, 0x000000008f300000| Complete 
| 244|0x000000008f400000, 0x000000008f500000, 0x000000008f500000|100%| E|CS|TAMS 0x000000008f400000, 0x000000008f400000| Complete 
| 245|0x000000008f500000, 0x000000008f600000, 0x000000008f600000|100%| E|CS|TAMS 0x000000008f500000, 0x000000008f500000| Complete 
| 246|0x000000008f600000, 0x000000008f700000, 0x000000008f700000|100%| E|CS|TAMS 0x000000008f600000, 0x000000008f600000| Complete 
| 247|0x000000008f700000, 0x000000008f800000, 0x000000008f800000|100%| E|CS|TAMS 0x000000008f700000, 0x000000008f700000| Complete 
| 248|0x000000008f800000, 0x000000008f900000, 0x000000008f900000|100%| E|CS|TAMS 0x000000008f800000, 0x000000008f800000| Complete 
| 249|0x000000008f900000, 0x000000008fa00000, 0x000000008fa00000|100%| E|CS|TAMS 0x000000008f900000, 0x000000008f900000| Complete 
| 250|0x000000008fa00000, 0x000000008fb00000, 0x000000008fb00000|100%| E|CS|TAMS 0x000000008fa00000, 0x000000008fa00000| Complete 
| 251|0x000000008fb00000, 0x000000008fc00000, 0x000000008fc00000|100%| E|CS|TAMS 0x000000008fb00000, 0x000000008fb00000| Complete 
| 252|0x000000008fc00000, 0x000000008fd00000, 0x000000008fd00000|100%| E|CS|TAMS 0x000000008fc00000, 0x000000008fc00000| Complete 
| 253|0x000000008fd00000, 0x000000008fe00000, 0x000000008fe00000|100%| E|CS|TAMS 0x000000008fd00000, 0x000000008fd00000| Complete 
| 254|0x000000008fe00000, 0x000000008ff00000, 0x000000008ff00000|100%| E|CS|TAMS 0x000000008fe00000, 0x000000008fe00000| Complete 
| 255|0x000000008ff00000, 0x0000000090000000, 0x0000000090000000|100%| E|CS|TAMS 0x000000008ff00000, 0x000000008ff00000| Complete 
| 256|0x0000000090000000, 0x0000000090100000, 0x0000000090100000|100%| E|CS|TAMS 0x0000000090000000, 0x0000000090000000| Complete 
| 257|0x0000000090100000, 0x0000000090200000, 0x0000000090200000|100%| E|CS|TAMS 0x0000000090100000, 0x0000000090100000| Complete 
| 258|0x0000000090200000, 0x0000000090300000, 0x0000000090300000|100%| E|CS|TAMS 0x0000000090200000, 0x0000000090200000| Complete 
| 259|0x0000000090300000, 0x0000000090400000, 0x0000000090400000|100%| E|CS|TAMS 0x0000000090300000, 0x0000000090300000| Complete 
| 260|0x0000000090400000, 0x0000000090500000, 0x0000000090500000|100%| E|CS|TAMS 0x0000000090400000, 0x0000000090400000| Complete 
| 261|0x0000000090500000, 0x0000000090600000, 0x0000000090600000|100%| E|CS|TAMS 0x0000000090500000, 0x0000000090500000| Complete 
| 262|0x0000000090600000, 0x0000000090700000, 0x0000000090700000|100%| E|CS|TAMS 0x0000000090600000, 0x0000000090600000| Complete 
| 263|0x0000000090700000, 0x0000000090800000, 0x0000000090800000|100%| E|CS|TAMS 0x0000000090700000, 0x0000000090700000| Complete 
| 264|0x0000000090800000, 0x0000000090900000, 0x0000000090900000|100%| E|CS|TAMS 0x0000000090800000, 0x0000000090800000| Complete 
| 265|0x0000000090900000, 0x0000000090a00000, 0x0000000090a00000|100%| E|CS|TAMS 0x0000000090900000, 0x0000000090900000| Complete 
| 266|0x0000000090a00000, 0x0000000090b00000, 0x0000000090b00000|100%| E|CS|TAMS 0x0000000090a00000, 0x0000000090a00000| Complete 
| 267|0x0000000090b00000, 0x0000000090c00000, 0x0000000090c00000|100%| E|CS|TAMS 0x0000000090b00000, 0x0000000090b00000| Complete 
| 268|0x0000000090c00000, 0x0000000090d00000, 0x0000000090d00000|100%| E|CS|TAMS 0x0000000090c00000, 0x0000000090c00000| Complete 
| 269|0x0000000090d00000, 0x0000000090e00000, 0x0000000090e00000|100%| E|CS|TAMS 0x0000000090d00000, 0x0000000090d00000| Complete 
| 270|0x0000000090e00000, 0x0000000090f00000, 0x0000000090f00000|100%| E|CS|TAMS 0x0000000090e00000, 0x0000000090e00000| Complete 
| 271|0x0000000090f00000, 0x0000000091000000, 0x0000000091000000|100%| E|CS|TAMS 0x0000000090f00000, 0x0000000090f00000| Complete 
| 272|0x0000000091000000, 0x0000000091100000, 0x0000000091100000|100%| E|CS|TAMS 0x0000000091000000, 0x0000000091000000| Complete 
| 273|0x0000000091100000, 0x0000000091200000, 0x0000000091200000|100%| E|CS|TAMS 0x0000000091100000, 0x0000000091100000| Complete 
| 274|0x0000000091200000, 0x0000000091300000, 0x0000000091300000|100%| E|CS|TAMS 0x0000000091200000, 0x0000000091200000| Complete 
| 275|0x0000000091300000, 0x0000000091400000, 0x0000000091400000|100%| E|CS|TAMS 0x0000000091300000, 0x0000000091300000| Complete 
| 276|0x0000000091400000, 0x0000000091500000, 0x0000000091500000|100%| E|CS|TAMS 0x0000000091400000, 0x0000000091400000| Complete 
| 277|0x0000000091500000, 0x0000000091600000, 0x0000000091600000|100%| E|CS|TAMS 0x0000000091500000, 0x0000000091500000| Complete 
| 278|0x0000000091600000, 0x0000000091700000, 0x0000000091700000|100%| E|CS|TAMS 0x0000000091600000, 0x0000000091600000| Complete 
| 279|0x0000000091700000, 0x0000000091800000, 0x0000000091800000|100%| E|CS|TAMS 0x0000000091700000, 0x0000000091700000| Complete 
| 280|0x0000000091800000, 0x0000000091900000, 0x0000000091900000|100%| E|CS|TAMS 0x0000000091800000, 0x0000000091800000| Complete 
| 281|0x0000000091900000, 0x0000000091a00000, 0x0000000091a00000|100%| E|CS|TAMS 0x0000000091900000, 0x0000000091900000| Complete 
| 282|0x0000000091a00000, 0x0000000091b00000, 0x0000000091b00000|100%| E|CS|TAMS 0x0000000091a00000, 0x0000000091a00000| Complete 
| 283|0x0000000091b00000, 0x0000000091c00000, 0x0000000091c00000|100%| E|CS|TAMS 0x0000000091b00000, 0x0000000091b00000| Complete 
| 284|0x0000000091c00000, 0x0000000091d00000, 0x0000000091d00000|100%| E|CS|TAMS 0x0000000091c00000, 0x0000000091c00000| Complete 
| 285|0x0000000091d00000, 0x0000000091e00000, 0x0000000091e00000|100%| E|CS|TAMS 0x0000000091d00000, 0x0000000091d00000| Complete 
| 286|0x0000000091e00000, 0x0000000091f00000, 0x0000000091f00000|100%| E|CS|TAMS 0x0000000091e00000, 0x0000000091e00000| Complete 
| 287|0x0000000091f00000, 0x0000000092000000, 0x0000000092000000|100%| E|CS|TAMS 0x0000000091f00000, 0x0000000091f00000| Complete 
| 288|0x0000000092000000, 0x0000000092100000, 0x0000000092100000|100%| E|CS|TAMS 0x0000000092000000, 0x0000000092000000| Complete 
| 289|0x0000000092100000, 0x0000000092200000, 0x0000000092200000|100%| S|CS|TAMS 0x0000000092100000, 0x0000000092100000| Complete 
| 290|0x0000000092200000, 0x0000000092300000, 0x0000000092300000|100%| S|CS|TAMS 0x0000000092200000, 0x0000000092200000| Complete 
| 291|0x0000000092300000, 0x0000000092400000, 0x0000000092400000|100%| S|CS|TAMS 0x0000000092300000, 0x0000000092300000| Complete 
| 292|0x0000000092400000, 0x0000000092500000, 0x0000000092500000|100%| S|CS|TAMS 0x0000000092400000, 0x0000000092400000| Complete 
| 293|0x0000000092500000, 0x0000000092600000, 0x0000000092600000|100%| E|CS|TAMS 0x0000000092500000, 0x0000000092500000| Complete 
| 294|0x0000000092600000, 0x0000000092700000, 0x0000000092700000|100%| E|CS|TAMS 0x0000000092600000, 0x0000000092600000| Complete 
| 295|0x0000000092700000, 0x0000000092800000, 0x0000000092800000|100%| E|CS|TAMS 0x0000000092700000, 0x0000000092700000| Complete 
| 296|0x0000000092800000, 0x0000000092900000, 0x0000000092900000|100%| E|CS|TAMS 0x0000000092800000, 0x0000000092800000| Complete 
| 297|0x0000000092900000, 0x0000000092a00000, 0x0000000092a00000|100%| E|CS|TAMS 0x0000000092900000, 0x0000000092900000| Complete 
| 298|0x0000000092a00000, 0x0000000092b00000, 0x0000000092b00000|100%| E|CS|TAMS 0x0000000092a00000, 0x0000000092a00000| Complete 
| 299|0x0000000092b00000, 0x0000000092c00000, 0x0000000092c00000|100%| E|CS|TAMS 0x0000000092b00000, 0x0000000092b00000| Complete 
| 300|0x0000000092c00000, 0x0000000092d00000, 0x0000000092d00000|100%| E|CS|TAMS 0x0000000092c00000, 0x0000000092c00000| Complete 
| 301|0x0000000092d00000, 0x0000000092e00000, 0x0000000092e00000|100%| E|CS|TAMS 0x0000000092d00000, 0x0000000092d00000| Complete 
| 302|0x0000000092e00000, 0x0000000092f00000, 0x0000000092f00000|100%| E|CS|TAMS 0x0000000092e00000, 0x0000000092e00000| Complete 
| 303|0x0000000092f00000, 0x0000000093000000, 0x0000000093000000|100%| E|CS|TAMS 0x0000000092f00000, 0x0000000092f00000| Complete 
| 304|0x0000000093000000, 0x0000000093100000, 0x0000000093100000|100%| E|CS|TAMS 0x0000000093000000, 0x0000000093000000| Complete 
| 305|0x0000000093100000, 0x0000000093200000, 0x0000000093200000|100%| E|CS|TAMS 0x0000000093100000, 0x0000000093100000| Complete 
| 306|0x0000000093200000, 0x0000000093300000, 0x0000000093300000|100%| E|CS|TAMS 0x0000000093200000, 0x0000000093200000| Complete 
| 307|0x0000000093300000, 0x0000000093400000, 0x0000000093400000|100%| E|CS|TAMS 0x0000000093300000, 0x0000000093300000| Complete 
| 308|0x0000000093400000, 0x0000000093500000, 0x0000000093500000|100%| E|CS|TAMS 0x0000000093400000, 0x0000000093400000| Complete 
| 309|0x0000000093500000, 0x0000000093600000, 0x0000000093600000|100%| E|CS|TAMS 0x0000000093500000, 0x0000000093500000| Complete 
| 310|0x0000000093600000, 0x0000000093700000, 0x0000000093700000|100%| E|CS|TAMS 0x0000000093600000, 0x0000000093600000| Complete 
| 311|0x0000000093700000, 0x0000000093800000, 0x0000000093800000|100%| E|CS|TAMS 0x0000000093700000, 0x0000000093700000| Complete 
| 312|0x0000000093800000, 0x0000000093900000, 0x0000000093900000|100%| E|CS|TAMS 0x0000000093800000, 0x0000000093800000| Complete 
| 313|0x0000000093900000, 0x0000000093a00000, 0x0000000093a00000|100%| E|CS|TAMS 0x0000000093900000, 0x0000000093900000| Complete 
| 314|0x0000000093a00000, 0x0000000093b00000, 0x0000000093b00000|100%| E|CS|TAMS 0x0000000093a00000, 0x0000000093a00000| Complete 
| 315|0x0000000093b00000, 0x0000000093c00000, 0x0000000093c00000|100%| E|CS|TAMS 0x0000000093b00000, 0x0000000093b00000| Complete 
| 316|0x0000000093c00000, 0x0000000093d00000, 0x0000000093d00000|100%| E|CS|TAMS 0x0000000093c00000, 0x0000000093c00000| Complete 
| 317|0x0000000093d00000, 0x0000000093e00000, 0x0000000093e00000|100%| E|CS|TAMS 0x0000000093d00000, 0x0000000093d00000| Complete 
| 318|0x0000000093e00000, 0x0000000093f00000, 0x0000000093f00000|100%| E|CS|TAMS 0x0000000093e00000, 0x0000000093e00000| Complete 
| 319|0x0000000093f00000, 0x0000000094000000, 0x0000000094000000|100%| E|CS|TAMS 0x0000000093f00000, 0x0000000093f00000| Complete 

Card table byte_map: [0x000001b4a6ba0000,0x000001b4a6fa0000] _byte_map_base: 0x000001b4a67a0000

Marking Bits (Prev, Next): (CMBitMap*) 0x000001b48ffa1940, (CMBitMap*) 0x000001b48ffa1980
 Prev Bits: [0x000001b4a73a0000, 0x000001b4a93a0000)
 Next Bits: [0x000001b4a93a0000, 0x000001b4ab3a0000)

Polling page: 0x000001b48df60000

Metaspace:

Usage:
  Non-class:     15.51 MB used.
      Class:      2.71 MB used.
       Both:     18.22 MB used.

Virtual space:
  Non-class space:       24.00 MB reserved,      15.69 MB ( 65%) committed,  3 nodes.
      Class space:        1.00 GB reserved,       2.88 MB ( <1%) committed,  1 nodes.
             Both:        1.02 GB reserved,      18.56 MB (  2%) committed. 

Chunk freelists:
   Non-Class:  3.72 MB
       Class:  1.11 MB
        Both:  4.83 MB

MaxMetaspaceSize: unlimited
CompressedClassSpaceSize: 1.00 GB
Initial GC threshold: 21.00 MB
Current GC threshold: 21.00 MB
CDS: on
MetaspaceReclaimPolicy: balanced
 - commit_granule_bytes: 65536.
 - commit_granule_words: 8192.
 - virtual_space_node_default_size: 1048576.
 - enlarge_chunks_in_place: 1.
 - new_chunks_are_fully_committed: 0.
 - uncommit_free_chunks: 1.
 - use_allocation_guard: 0.
 - handle_deallocations: 1.


Internal statistics:

num_allocs_failed_limit: 0.
num_arena_births: 232.
num_arena_deaths: 0.
num_vsnodes_births: 4.
num_vsnodes_deaths: 0.
num_space_committed: 297.
num_space_uncommitted: 0.
num_chunks_returned_to_freelist: 0.
num_chunks_taken_from_freelist: 872.
num_chunk_merges: 0.
num_chunk_splits: 580.
num_chunks_enlarged: 430.
num_purges: 0.
num_inconsistent_stats: 0.

CodeHeap 'non-profiled nmethods': size=120000Kb used=1193Kb max_used=1193Kb free=118806Kb
 bounds [0x000001b49f270000, 0x000001b49f4e0000, 0x000001b4a67a0000]
CodeHeap 'profiled nmethods': size=120000Kb used=5005Kb max_used=5005Kb free=114995Kb
 bounds [0x000001b497d40000, 0x000001b498230000, 0x000001b49f270000]
CodeHeap 'non-nmethods': size=5760Kb used=1221Kb max_used=1276Kb free=4538Kb
 bounds [0x000001b4977a0000, 0x000001b497a10000, 0x000001b497d40000]
 total_blobs=2936 nmethods=2408 adapters=440
 compilation: enabled
              stopped_count=0, restarted_count=0
 full_count=0

Compilation events (20 events):
Event: 13.625 Thread 0x000001b4ad8ba780 2398       3       jdk.internal.loader.AbstractClassLoaderValue::sub (10 bytes)
Event: 13.625 Thread 0x000001b4ad8ba780 nmethod 2398 0x000001b498219f10 code [0x000001b49821a0c0, 0x000001b49821a3f8]
Event: 13.625 Thread 0x000001b4ad8ba780 2399       3       jdk.internal.loader.AbstractClassLoaderValue$Sub::<init> (15 bytes)
Event: 13.625 Thread 0x000001b4ad8ba780 nmethod 2399 0x000001b49821a510 code [0x000001b49821a6c0, 0x000001b49821a938]
Event: 13.628 Thread 0x000001b4ad8ba780 2401       3       java.net.URLConnection::<init> (62 bytes)
Event: 13.629 Thread 0x000001b4ad8ba780 nmethod 2401 0x000001b49821aa10 code [0x000001b49821ac20, 0x000001b49821b308]
Event: 13.629 Thread 0x000001b4ad8ba780 2402       3       java.net.URLConnection::getDefaultUseCaches (30 bytes)
Event: 13.629 Thread 0x000001b4ad8ba780 nmethod 2402 0x000001b49821b510 code [0x000001b49821b700, 0x000001b49821bbe8]
Event: 13.636 Thread 0x000001b4ad8ba780 2403       3       jdk.internal.misc.Unsafe::putReferenceOpaque (9 bytes)
Event: 13.636 Thread 0x000001b4ad8ba780 nmethod 2403 0x000001b49821bd90 code [0x000001b49821bf20, 0x000001b49821c078]
Event: 13.636 Thread 0x000001b4ad8ba780 2404       3       com.google.common.base.CharMatcher$IsEither::matches (22 bytes)
Event: 13.637 Thread 0x000001b4ad8ba780 nmethod 2404 0x000001b49821c110 code [0x000001b49821c2a0, 0x000001b49821c458]
Event: 13.639 Thread 0x000001b4ad8ba780 2405       3       java.util.Collections$UnmodifiableCollection::size (10 bytes)
Event: 13.639 Thread 0x000001b4ad8ba780 nmethod 2405 0x000001b49821c510 code [0x000001b49821c6c0, 0x000001b49821c888]
Event: 13.639 Thread 0x000001b4ad8ba780 2406       3       java.util.Collections$UnmodifiableList::get (11 bytes)
Event: 13.639 Thread 0x000001b4ad8ba780 nmethod 2406 0x000001b49821c990 code [0x000001b49821cb40, 0x000001b49821cd08]
Event: 13.639 Thread 0x000001b4ad8ba780 2408       3       org.gradle.api.internal.file.pattern.PatternMatcherFactory::compile (117 bytes)
Event: 13.639 Thread 0x000001b4ad8ba780 nmethod 2408 0x000001b49821ce10 code [0x000001b49821d0a0, 0x000001b49821ddf8]
Event: 13.639 Thread 0x000001b4ad8ba780 2407       1       org.gradle.api.internal.file.pattern.EndOfPathMatcher::getMaxSegments (2 bytes)
Event: 13.639 Thread 0x000001b4ad8ba780 nmethod 2407 0x000001b49f399d10 code [0x000001b49f399ea0, 0x000001b49f399f78]

GC Heap History (6 events):
Event: 6.281 GC heap before
{Heap before GC invocations=0 (full 0):
 garbage-first heap   total 327680K, used 20480K [0x0000000080000000, 0x0000000100000000)
  region size 1024K, 16 young (16384K), 0 survivors (0K)
 Metaspace       used 1413K, committed 1600K, reserved 1056768K
  class space    used 130K, committed 192K, reserved 1048576K
}
Event: 6.315 GC heap after
{Heap after GC invocations=1 (full 0):
 garbage-first heap   total 327680K, used 9663K [0x0000000080000000, 0x0000000100000000)
  region size 1024K, 2 young (2048K), 2 survivors (2048K)
 Metaspace       used 1413K, committed 1600K, reserved 1056768K
  class space    used 130K, committed 192K, reserved 1048576K
}
Event: 7.251 GC heap before
{Heap before GC invocations=1 (full 0):
 garbage-first heap   total 327680K, used 23999K [0x0000000080000000, 0x0000000100000000)
  region size 1024K, 16 young (16384K), 2 survivors (2048K)
 Metaspace       used 3849K, committed 4032K, reserved 1056768K
  class space    used 476K, committed 576K, reserved 1048576K
}
Event: 7.253 GC heap after
{Heap after GC invocations=2 (full 0):
 garbage-first heap   total 327680K, used 10707K [0x0000000080000000, 0x0000000100000000)
  region size 1024K, 1 young (1024K), 1 survivors (1024K)
 Metaspace       used 3849K, committed 4032K, reserved 1056768K
  class space    used 476K, committed 576K, reserved 1048576K
}
Event: 11.286 GC heap before
{Heap before GC invocations=2 (full 0):
 garbage-first heap   total 327680K, used 38355K [0x0000000080000000, 0x0000000100000000)
  region size 1024K, 27 young (27648K), 1 survivors (1024K)
 Metaspace       used 3960K, committed 4096K, reserved 1056768K
  class space    used 479K, committed 576K, reserved 1048576K
}
Event: 11.290 GC heap after
{Heap after GC invocations=3 (full 0):
 garbage-first heap   total 327680K, used 14862K [0x0000000080000000, 0x0000000100000000)
  region size 1024K, 4 young (4096K), 4 survivors (4096K)
 Metaspace       used 3960K, committed 4096K, reserved 1056768K
  class space    used 479K, committed 576K, reserved 1048576K
}

Deoptimization events (20 events):
Event: 13.125 Thread 0x000001b4afb4b7b0 Uncommon trap: trap_request=0xffffff45 fr.pc=0x000001b49f30e4fc relative=0x000000000000075c
Event: 13.125 Thread 0x000001b4afb4b7b0 Uncommon trap: reason=unstable_if action=reinterpret pc=0x000001b49f30e4fc method=java.util.ArrayList.grow(I)[Ljava/lang/Object; @ 17 c2
Event: 13.125 Thread 0x000001b4afb4b7b0 DEOPT PACKING pc=0x000001b49f30e4fc sp=0x0000002d836fcb10
Event: 13.125 Thread 0x000001b4afb4b7b0 DEOPT UNPACKING pc=0x000001b4977f23a3 sp=0x0000002d836fc9a8 mode 2
Event: 13.143 Thread 0x000001b4afb4b7b0 Uncommon trap: trap_request=0xffffff45 fr.pc=0x000001b49f28b368 relative=0x0000000000000ae8
Event: 13.143 Thread 0x000001b4afb4b7b0 Uncommon trap: reason=unstable_if action=reinterpret pc=0x000001b49f28b368 method=java.io.WinNTFileSystem.resolve(Ljava/lang/String;Ljava/lang/String;)Ljava/lang/String; @ 19 c2
Event: 13.143 Thread 0x000001b4afb4b7b0 DEOPT PACKING pc=0x000001b49f28b368 sp=0x0000002d836fca20
Event: 13.143 Thread 0x000001b4afb4b7b0 DEOPT UNPACKING pc=0x000001b4977f23a3 sp=0x0000002d836fc9c8 mode 2
Event: 13.145 Thread 0x000001b4afb4b7b0 Uncommon trap: trap_request=0xffffff45 fr.pc=0x000001b49f2e4f28 relative=0x0000000000000608
Event: 13.145 Thread 0x000001b4afb4b7b0 Uncommon trap: reason=unstable_if action=reinterpret pc=0x000001b49f2e4f28 method=java.io.File.getName()Ljava/lang/String; @ 16 c2
Event: 13.145 Thread 0x000001b4afb4b7b0 DEOPT PACKING pc=0x000001b49f2e4f28 sp=0x0000002d836fc9c0
Event: 13.145 Thread 0x000001b4afb4b7b0 DEOPT UNPACKING pc=0x000001b4977f23a3 sp=0x0000002d836fc990 mode 2
Event: 13.274 Thread 0x000001b4afb4b7b0 Uncommon trap: trap_request=0xffffff45 fr.pc=0x000001b49f33ae24 relative=0x0000000000000184
Event: 13.274 Thread 0x000001b4afb4b7b0 Uncommon trap: reason=unstable_if action=reinterpret pc=0x000001b49f33ae24 method=java.util.WeakHashMap.expungeStaleEntries()V @ 9 c2
Event: 13.274 Thread 0x000001b4afb4b7b0 DEOPT PACKING pc=0x000001b49f33ae24 sp=0x0000002d836fa070
Event: 13.274 Thread 0x000001b4afb4b7b0 DEOPT UNPACKING pc=0x000001b4977f23a3 sp=0x0000002d836fa008 mode 2
Event: 13.509 Thread 0x000001b4afb4b7b0 Uncommon trap: trap_request=0xffffff45 fr.pc=0x000001b49f28fc84 relative=0x00000000000000e4
Event: 13.509 Thread 0x000001b4afb4b7b0 Uncommon trap: reason=unstable_if action=reinterpret pc=0x000001b49f28fc84 method=java.util.HashMap.hash(Ljava/lang/Object;)I @ 1 c2
Event: 13.509 Thread 0x000001b4afb4b7b0 DEOPT PACKING pc=0x000001b49f28fc84 sp=0x0000002d836f99a0
Event: 13.509 Thread 0x000001b4afb4b7b0 DEOPT UNPACKING pc=0x000001b4977f23a3 sp=0x0000002d836f98e0 mode 2

Classes unloaded (0 events):
No events

Classes redefined (0 events):
No events

Internal exceptions (20 events):
Event: 13.004 Thread 0x000001b4afb4b7b0 Exception <a 'java/lang/NoSuchMethodError'{0x0000000091cbd9e8}: 'java.lang.Object java.lang.invoke.DirectMethodHandle$Holder.invokeSpecial(java.lang.Object, java.lang.Object, java.lang.Object, java.lang.Object, java.lang.Object, java.lang.Object, java.lang.Object, java.lang.Object, java.lang.Object, java.lang.Object, java.lang.Object, java.lang.Object)'> (0x0000000091cbd9e8) 
thrown [t:\workspace\open\src\hotspot\share\interpreter\linkResolver.cpp, line 766]
Event: 13.021 Thread 0x000001b4afb4b7b0 Exception <a 'java/lang/NoSuchMethodError'{0x0000000091bcc1b8}: 'java.lang.Object java.lang.invoke.DirectMethodHandle$Holder.invokeSpecial(java.lang.Object, java.lang.Object, java.lang.Object, java.lang.Object, java.lang.Object, java.lang.Object, java.lang.Object, java.lang.Object, java.lang.Object)'> (0x0000000091bcc1b8) 
thrown [t:\workspace\open\src\hotspot\share\interpreter\linkResolver.cpp, line 766]
Event: 13.074 Thread 0x000001b4afb4b7b0 Exception <a 'java/lang/NoSuchMethodError'{0x00000000918fbb50}: 'void java.lang.invoke.DirectMethodHandle$Holder.invokeStaticInit(java.lang.Object)'> (0x00000000918fbb50) 
thrown [t:\workspace\open\src\hotspot\share\interpreter\linkResolver.cpp, line 766]
Event: 13.087 Thread 0x000001b4afb4b7b0 Exception <a 'java/lang/NoSuchMethodError'{0x0000000091790cb0}: 'java.lang.Object java.lang.invoke.DirectMethodHandle$Holder.newInvokeSpecial(java.lang.Object, java.lang.Object, java.lang.Object, int)'> (0x0000000091790cb0) 
thrown [t:\workspace\open\src\hotspot\share\interpreter\linkResolver.cpp, line 766]
Event: 13.087 Thread 0x000001b4afb4b7b0 Exception <a 'java/lang/NoSuchMethodError'{0x00000000917955e0}: 'java.lang.Object java.lang.invoke.DirectMethodHandle$Holder.invokeSpecial(java.lang.Object, java.lang.Object, java.lang.Object, java.lang.Object, int)'> (0x00000000917955e0) 
thrown [t:\workspace\open\src\hotspot\share\interpreter\linkResolver.cpp, line 766]
Event: 13.087 Thread 0x000001b4afb4b7b0 Exception <a 'java/lang/NoSuchMethodError'{0x00000000917996f8}: 'java.lang.Object java.lang.invoke.Invokers$Holder.linkToTargetMethod(java.lang.Object, java.lang.Object, int, java.lang.Object)'> (0x00000000917996f8) 
thrown [t:\workspace\open\src\hotspot\share\interpreter\linkResolver.cpp, line 766]
Event: 13.289 Thread 0x000001b4afb4b7b0 Exception <a 'java/lang/NoSuchMethodError'{0x0000000090a58558}: 'int java.lang.invoke.DirectMethodHandle$Holder.invokeSpecialIFC(java.lang.Object, java.lang.Object, java.lang.Object, java.lang.Object)'> (0x0000000090a58558) 
thrown [t:\workspace\open\src\hotspot\share\interpreter\linkResolver.cpp, line 766]
Event: 13.290 Thread 0x000001b4afb4b7b0 Exception <a 'java/lang/NoSuchMethodError'{0x0000000090a67530}: 'java.lang.Object java.lang.invoke.DirectMethodHandle$Holder.invokeInterface(java.lang.Object, java.lang.Object, java.lang.Object)'> (0x0000000090a67530) 
thrown [t:\workspace\open\src\hotspot\share\interpreter\linkResolver.cpp, line 766]
Event: 13.290 Thread 0x000001b4afb4b7b0 Exception <a 'java/lang/IncompatibleClassChangeError'{0x0000000090a6b148}: Found class java.lang.Object, but interface was expected> (0x0000000090a6b148) 
thrown [t:\workspace\open\src\hotspot\share\interpreter\linkResolver.cpp, line 833]
Event: 13.306 Thread 0x000001b4afb4b7b0 Exception <a 'java/lang/NoSuchMethodError'{0x0000000090943050}: 'int java.lang.invoke.DirectMethodHandle$Holder.invokeStatic(java.lang.Object, java.lang.Object, java.lang.Object, java.lang.Object)'> (0x0000000090943050) 
thrown [t:\workspace\open\src\hotspot\share\interpreter\linkResolver.cpp, line 766]
Event: 13.306 Thread 0x000001b4afb4b7b0 Exception <a 'java/lang/NoSuchMethodError'{0x0000000090946c78}: 'java.lang.Object java.lang.invoke.Invokers$Holder.invokeExact_MT(java.lang.Object, java.lang.Object, java.lang.Object, java.lang.Object, java.lang.Object, java.lang.Object)'> (0x0000000090946c78) 
thrown [t:\workspace\open\src\hotspot\share\interpreter\linkResolver.cpp, line 766]
Event: 13.423 Thread 0x000001b4afb4b7b0 Exception <a 'java/lang/NoSuchMethodError'{0x00000000901d8e90}: 'void java.lang.invoke.DirectMethodHandle$Holder.invokeStatic(java.lang.Object, java.lang.Object)'> (0x00000000901d8e90) 
thrown [t:\workspace\open\src\hotspot\share\interpreter\linkResolver.cpp, line 766]
Event: 13.429 Thread 0x000001b4afb4b7b0 Exception <a 'java/lang/NoSuchMethodError'{0x0000000090039540}: 'java.lang.Object java.lang.invoke.DirectMethodHandle$Holder.invokeVirtual(java.lang.Object, java.lang.Object, java.lang.Object, java.lang.Object)'> (0x0000000090039540) 
thrown [t:\workspace\open\src\hotspot\share\interpreter\linkResolver.cpp, line 766]
Event: 13.452 Thread 0x000001b4afb4b7b0 Exception <a 'java/lang/NoSuchMethodError'{0x000000008fe5a1c8}: 'java.lang.Object java.lang.invoke.DirectMethodHandle$Holder.newInvokeSpecial(java.lang.Object, java.lang.Object, java.lang.Object, java.lang.Object, java.lang.Object, java.lang.Object, java.lang.Object)'> (0x000000008fe5a1c8) 
thrown [t:\workspace\open\src\hotspot\share\interpreter\linkResolver.cpp, line 766]
Event: 13.453 Thread 0x000001b4afb4b7b0 Exception <a 'java/lang/NoSuchMethodError'{0x000000008fe5ee98}: 'java.lang.Object java.lang.invoke.Invokers$Holder.linkToTargetMethod(java.lang.Object, java.lang.Object, java.lang.Object, java.lang.Object, java.lang.Object, java.lang.Object, java.lang.Object)'> (0x000000008fe5ee98) 
thrown [t:\workspace\open\src\hotspot\share\interpreter\linkResolver.cpp, line 766]
Event: 13.470 Thread 0x000001b4afb4b7b0 Exception <a 'java/lang/NoSuchMethodError'{0x000000008fdb2770}: 'java.lang.Object java.lang.invoke.DirectMethodHandle$Holder.invokeVirtual(java.lang.Object, java.lang.Object, java.lang.Object, java.lang.Object, java.lang.Object, java.lang.Object, java.lang.Object, java.lang.Object, java.lang.Object, java.lang.Object, java.lang.Object, java.lang.Object, java.lang.Object, java.lang.Object, java.lang.Object, java.lang.Object, java.lang.Object, java.lang.Object, java.lang.Object, java.lang.Object, java.lang.Ob
Event: 13.509 Thread 0x000001b4afb4b7b0 Implicit null exception at 0x000001b49f28fbe0 to 0x000001b49f28fc7a
Event: 13.574 Thread 0x000001b4afb4b7b0 Exception <a 'java/lang/NoSuchMethodError'{0x000000008f5f0b28}: 'void java.lang.invoke.DirectMethodHandle$Holder.invokeStaticInit(java.lang.Object, java.lang.Object)'> (0x000000008f5f0b28) 
thrown [t:\workspace\open\src\hotspot\share\interpreter\linkResolver.cpp, line 766]
Event: 13.594 Thread 0x000001b4afb4b7b0 Exception <a 'java/lang/NoSuchMethodError'{0x000000008f316d98}: 'java.lang.Object java.lang.invoke.DirectMethodHandle$Holder.invokeStaticInit(java.lang.Object, java.lang.Object, java.lang.Object)'> (0x000000008f316d98) 
thrown [t:\workspace\open\src\hotspot\share\interpreter\linkResolver.cpp, line 766]
Event: 13.595 Thread 0x000001b4afb4b7b0 Exception <a 'java/lang/NoSuchMethodError'{0x000000008f320cf8}: 'void java.lang.invoke.DirectMethodHandle$Holder.invokeStatic(java.lang.Object, java.lang.Object, java.lang.Object, java.lang.Object, java.lang.Object, java.lang.Object)'> (0x000000008f320cf8) 
thrown [t:\workspace\open\src\hotspot\share\interpreter\linkResolver.cpp, line 766]

VM Operations (20 events):
Event: 11.768 Executing VM operation: HandshakeAllThreads
Event: 11.768 Executing VM operation: HandshakeAllThreads done
Event: 11.850 Executing VM operation: HandshakeAllThreads
Event: 11.850 Executing VM operation: HandshakeAllThreads done
Event: 12.009 Executing VM operation: HandshakeAllThreads
Event: 12.009 Executing VM operation: HandshakeAllThreads done
Event: 12.160 Executing VM operation: HandshakeAllThreads
Event: 12.160 Executing VM operation: HandshakeAllThreads done
Event: 12.711 Executing VM operation: HandshakeAllThreads
Event: 12.711 Executing VM operation: HandshakeAllThreads done
Event: 12.711 Executing VM operation: Cleanup
Event: 12.711 Executing VM operation: Cleanup done
Event: 12.762 Executing VM operation: HandshakeAllThreads
Event: 12.762 Executing VM operation: HandshakeAllThreads done
Event: 13.171 Executing VM operation: HandshakeAllThreads
Event: 13.171 Executing VM operation: HandshakeAllThreads done
Event: 13.172 Executing VM operation: HandshakeAllThreads
Event: 13.172 Executing VM operation: HandshakeAllThreads done
Event: 13.457 Executing VM operation: ICBufferFull
Event: 13.457 Executing VM operation: ICBufferFull done

Events (20 events):
Event: 13.403 loading class javax/xml/parsers/ParserConfigurationException done
Event: 13.403 loading class org/xml/sax/SAXException
Event: 13.403 loading class org/xml/sax/SAXException done
Event: 13.403 loading class javax/xml/xpath/XPathExpressionException
Event: 13.403 loading class javax/xml/xpath/XPathException
Event: 13.404 loading class javax/xml/xpath/XPathException done
Event: 13.404 loading class javax/xml/xpath/XPathExpressionException done
Event: 13.404 loading class org/xml/sax/ErrorHandler
Event: 13.404 loading class org/xml/sax/ErrorHandler done
Event: 13.535 Thread 0x000001b4aef2ed30 Thread added: 0x000001b4aef2ed30
Event: 13.593 loading class java/lang/annotation/IncompleteAnnotationException
Event: 13.594 loading class java/lang/annotation/IncompleteAnnotationException done
Event: 13.621 loading class java/util/function/UnaryOperator
Event: 13.621 loading class java/util/function/UnaryOperator done
Event: 13.630 loading class java/util/concurrent/TimeoutException
Event: 13.630 loading class java/util/concurrent/TimeoutException done
Event: 13.630 loading class java/util/concurrent/CancellationException
Event: 13.630 loading class java/util/concurrent/CancellationException done
Event: 13.632 loading class java/util/ServiceConfigurationError
Event: 13.632 loading class java/util/ServiceConfigurationError done


Dynamic libraries:
0x00007ff7a4fd0000 - 0x00007ff7a4fde000 	C:\Users\Admin3\.jdks\openjdk-17.0.2\bin\java.exe
0x00007ffd533b0000 - 0x00007ffd5359f000 	C:\Windows\SYSTEM32\ntdll.dll
0x00007ffd50ca0000 - 0x00007ffd50d53000 	C:\Windows\System32\KERNEL32.DLL
0x00007ffd4ff60000 - 0x00007ffd501fd000 	C:\Windows\System32\KERNELBASE.dll
0x00007ffd504e0000 - 0x00007ffd505da000 	C:\Windows\System32\ucrtbase.dll
0x00007ffd27350000 - 0x00007ffd2736a000 	C:\Users\Admin3\.jdks\openjdk-17.0.2\bin\VCRUNTIME140.dll
0x00007ffd24770000 - 0x00007ffd24788000 	C:\Users\Admin3\.jdks\openjdk-17.0.2\bin\jli.dll
0x00007ffd51580000 - 0x00007ffd51718000 	C:\Windows\System32\USER32.dll
0x00007ffd50410000 - 0x00007ffd50430000 	C:\Windows\System32\win32u.dll
0x00007ffd3a9a0000 - 0x00007ffd3ac19000 	C:\Windows\WinSxS\amd64_microsoft.windows.common-controls_6595b64144ccf1df_6.0.17763.4737_none_de704896534c368b\COMCTL32.dll
0x00007ffd50ea0000 - 0x00007ffd50f3e000 	C:\Windows\System32\msvcrt.dll
0x00007ffd50e70000 - 0x00007ffd50e99000 	C:\Windows\System32\GDI32.dll
0x00007ffd4fcf0000 - 0x00007ffd4fe96000 	C:\Windows\System32\gdi32full.dll
0x00007ffd4fec0000 - 0x00007ffd4ff60000 	C:\Windows\System32\msvcp_win.dll
0x00007ffd50600000 - 0x00007ffd5092b000 	C:\Windows\System32\combase.dll
0x00007ffd53250000 - 0x00007ffd5336e000 	C:\Windows\System32\RPCRT4.dll
0x00007ffd4fc60000 - 0x00007ffd4fce2000 	C:\Windows\System32\bcryptPrimitives.dll
0x00007ffd50b40000 - 0x00007ffd50b6e000 	C:\Windows\System32\IMM32.DLL
0x00007ffd3ae00000 - 0x00007ffd3ae0c000 	C:\Users\Admin3\.jdks\openjdk-17.0.2\bin\vcruntime140_1.dll
0x00007ffcf2bd0000 - 0x00007ffcf2c5d000 	C:\Users\Admin3\.jdks\openjdk-17.0.2\bin\msvcp140.dll
0x00007ffcc61c0000 - 0x00007ffcc6d81000 	C:\Users\Admin3\.jdks\openjdk-17.0.2\bin\server\jvm.dll
0x00007ffd50930000 - 0x00007ffd509d7000 	C:\Windows\System32\ADVAPI32.dll
0x00007ffd50d60000 - 0x00007ffd50dff000 	C:\Windows\System32\sechost.dll
0x00007ffd53370000 - 0x00007ffd53378000 	C:\Windows\System32\PSAPI.DLL
0x00007ffd24480000 - 0x00007ffd24489000 	C:\Windows\SYSTEM32\WSOCK32.dll
0x00007ffd50e00000 - 0x00007ffd50e6d000 	C:\Windows\System32\WS2_32.dll
0x00007ffd474c0000 - 0x00007ffd474e4000 	C:\Windows\SYSTEM32\WINMM.dll
0x00007ffd47510000 - 0x00007ffd4751a000 	C:\Windows\SYSTEM32\VERSION.dll
0x00007ffd48290000 - 0x00007ffd482bd000 	C:\Windows\SYSTEM32\WINMMBASE.dll
0x00007ffd50490000 - 0x00007ffd504da000 	C:\Windows\System32\cfgmgr32.dll
0x00007ffd4f360000 - 0x00007ffd4f371000 	C:\Windows\System32\kernel.appcore.dll
0x00007ffd2f850000 - 0x00007ffd2f85a000 	C:\Users\Admin3\.jdks\openjdk-17.0.2\bin\jimage.dll
0x00007ffd4c170000 - 0x00007ffd4c35d000 	C:\Windows\SYSTEM32\DBGHELP.DLL
0x00007ffd3be90000 - 0x00007ffd3beba000 	C:\Windows\SYSTEM32\dbgcore.DLL
0x00007ffd034b0000 - 0x00007ffd034d5000 	C:\Users\Admin3\.jdks\openjdk-17.0.2\bin\java.dll
0x00007ffccecc0000 - 0x00007ffcced96000 	C:\Users\Admin3\.jdks\openjdk-17.0.2\bin\jsvml.dll
0x00007ffd51960000 - 0x00007ffd52e58000 	C:\Windows\System32\SHELL32.dll
0x00007ffd52e60000 - 0x00007ffd52f07000 	C:\Windows\System32\shcore.dll
0x00007ffd4f460000 - 0x00007ffd4fba7000 	C:\Windows\System32\windows.storage.dll
0x00007ffd4f380000 - 0x00007ffd4f3a3000 	C:\Windows\System32\profapi.dll
0x00007ffd4f3d0000 - 0x00007ffd4f42d000 	C:\Windows\System32\powrprof.dll
0x00007ffd53120000 - 0x00007ffd53172000 	C:\Windows\System32\shlwapi.dll
0x00007ffd4fea0000 - 0x00007ffd4febb000 	C:\Windows\System32\cryptsp.dll
0x00007ffd09b10000 - 0x00007ffd09b29000 	C:\Users\Admin3\.jdks\openjdk-17.0.2\bin\net.dll
0x00007ffd4b730000 - 0x00007ffd4b82d000 	C:\Windows\SYSTEM32\WINHTTP.dll
0x00007ffd4eb50000 - 0x00007ffd4ebb7000 	C:\Windows\system32\mswsock.dll
0x00007ffd03ef0000 - 0x00007ffd03f06000 	C:\Users\Admin3\.jdks\openjdk-17.0.2\bin\nio.dll
0x00007ffd03560000 - 0x00007ffd03578000 	C:\Users\Admin3\.jdks\openjdk-17.0.2\bin\zip.dll
0x00007ffd24710000 - 0x00007ffd24720000 	C:\Users\Admin3\.jdks\openjdk-17.0.2\bin\verify.dll
0x00007ffd27820000 - 0x00007ffd27847000 	D:\Android\Projects\AndroidApp41\gradle\native\68d5fa5c4cc2d200863cafc0d521ce42e7d3e7ee720ec0a83991735586a16f82\windows-amd64\native-platform.dll
0x00007ffcc5b50000 - 0x00007ffcc5c94000 	D:\Android\Projects\AndroidApp41\gradle\native\e376f236ea51e6404a007f0833ffe2c6e607c4080706a723a18a27aeea778392\windows-amd64\native-platform-file-events.dll
0x00007ffd11a50000 - 0x00007ffd11a59000 	C:\Users\Admin3\.jdks\openjdk-17.0.2\bin\management.dll
0x00007ffd08670000 - 0x00007ffd0867b000 	C:\Users\Admin3\.jdks\openjdk-17.0.2\bin\management_ext.dll
0x00007ffd4e6d0000 - 0x00007ffd4e703000 	C:\Windows\system32\rsaenh.dll
0x00007ffd4f430000 - 0x00007ffd4f456000 	C:\Windows\System32\bcrypt.dll
0x00007ffd4f260000 - 0x00007ffd4f289000 	C:\Windows\SYSTEM32\USERENV.dll
0x00007ffd4ed20000 - 0x00007ffd4ed2c000 	C:\Windows\SYSTEM32\CRYPTBASE.dll
0x00007ffd4e860000 - 0x00007ffd4e89d000 	C:\Windows\SYSTEM32\IPHLPAPI.DLL
0x00007ffd51950000 - 0x00007ffd51958000 	C:\Windows\System32\NSI.dll
0x00007ffd4d040000 - 0x00007ffd4d056000 	C:\Windows\SYSTEM32\dhcpcsvc6.DLL
0x00007ffd4cfe0000 - 0x00007ffd4cffc000 	C:\Windows\SYSTEM32\dhcpcsvc.DLL
0x00007ffd4e8a0000 - 0x00007ffd4e966000 	C:\Windows\SYSTEM32\DNSAPI.dll
0x00007ffd034a0000 - 0x00007ffd034ae000 	C:\Users\Admin3\.jdks\openjdk-17.0.2\bin\sunmscapi.dll
0x00007ffd50200000 - 0x00007ffd50404000 	C:\Windows\System32\CRYPT32.dll
0x00007ffd4f3b0000 - 0x00007ffd4f3c2000 	C:\Windows\System32\MSASN1.dll
0x00007ffd4ee80000 - 0x00007ffd4eeac000 	C:\Windows\SYSTEM32\ncrypt.dll
0x00007ffd4ee40000 - 0x00007ffd4ee7c000 	C:\Windows\SYSTEM32\NTASN1.dll
0x00007ffd2d380000 - 0x00007ffd2d387000 	C:\Windows\system32\wshunix.dll

dbghelp: loaded successfully - version: 4.0.5 - missing functions: none
symbol engine: initialized successfully - sym options: 0x614 - pdb path: .;C:\Users\Admin3\.jdks\openjdk-17.0.2\bin;C:\Windows\SYSTEM32;C:\Windows\WinSxS\amd64_microsoft.windows.common-controls_6595b64144ccf1df_6.0.17763.4737_none_de704896534c368b;C:\Users\Admin3\.jdks\openjdk-17.0.2\bin\server;D:\Android\Projects\AndroidApp41\gradle\native\68d5fa5c4cc2d200863cafc0d521ce42e7d3e7ee720ec0a83991735586a16f82\windows-amd64;D:\Android\Projects\AndroidApp41\gradle\native\e376f236ea51e6404a007f0833ffe2c6e607c4080706a723a18a27aeea778392\windows-amd64

VM Arguments:
jvm_args: --add-opens=java.base/java.util=ALL-UNNAMED --add-opens=java.base/java.lang=ALL-UNNAMED --add-opens=java.base/java.lang.invoke=ALL-UNNAMED --add-opens=java.prefs/java.util.prefs=ALL-UNNAMED --add-opens=java.base/java.nio.charset=ALL-UNNAMED --add-opens=java.base/java.net=ALL-UNNAMED --add-opens=java.base/java.util.concurrent.atomic=ALL-UNNAMED -Xmx2048m -Dfile.encoding=UTF-8 -Duser.country=US -Duser.language=en -Duser.variant 
java_command: org.gradle.launcher.daemon.bootstrap.GradleDaemon 8.0
java_class_path (initial): D:\Android\Projects\AndroidApp41\gradle\wrapper\dists\gradle-8.0-bin\ca5e32bp14vu59qr306oxotwh\gradle-8.0\lib\gradle-launcher-8.0.jar
Launcher Type: SUN_STANDARD

[Global flags]
     intx CICompilerCount                          = 3                                         {product} {ergonomic}
     uint ConcGCThreads                            = 1                                         {product} {ergonomic}
     uint G1ConcRefinementThreads                  = 4                                         {product} {ergonomic}
   size_t G1HeapRegionSize                         = 1048576                                   {product} {ergonomic}
    uintx GCDrainStackTargetSize                   = 64                                        {product} {ergonomic}
   size_t InitialHeapSize                          = 335544320                                 {product} {ergonomic}
   size_t MarkStackSize                            = 4194304                                   {product} {ergonomic}
   size_t MaxHeapSize                              = 2147483648                                {product} {command line}
   size_t MaxNewSize                               = 1287651328                                {product} {ergonomic}
   size_t MinHeapDeltaBytes                        = 1048576                                   {product} {ergonomic}
   size_t MinHeapSize                              = 8388608                                   {product} {ergonomic}
    uintx NonNMethodCodeHeapSize                   = 5832780                                {pd product} {ergonomic}
    uintx NonProfiledCodeHeapSize                  = 122912730                              {pd product} {ergonomic}
    uintx ProfiledCodeHeapSize                     = 122912730                              {pd product} {ergonomic}
    uintx ReservedCodeCacheSize                    = 251658240                              {pd product} {ergonomic}
     bool SegmentedCodeCache                       = true                                      {product} {ergonomic}
   size_t SoftMaxHeapSize                          = 2147483648                             {manageable} {ergonomic}
     bool UseCompressedClassPointers               = true                           {product lp64_product} {ergonomic}
     bool UseCompressedOops                        = true                           {product lp64_product} {ergonomic}
     bool UseG1GC                                  = true                                      {product} {ergonomic}
     bool UseLargePagesIndividualAllocation        = false                                  {pd product} {ergonomic}

Logging:
Log output configuration:
 #0: stdout all=warning uptime,level,tags
 #1: stderr all=off uptime,level,tags

Environment Variables:
PATH=C:\Program Files (x86)\NVIDIA Corporation\PhysX\Common;C:\Program Files\Common Files\Oracle\Java\javapath;C:\Windows\system32;C:\Windows;C:\Windows\System32\Wbem;C:\Windows\System32\WindowsPowerShell\v1.0\;C:\Windows\System32\OpenSSH\;C:\Program Files\Common Files\Autodesk Shared\;C:\Program Files\Microsoft SQL Server\120\Tools\Binn\;C:\Program Files (x86)\Common Files\Acronis\SnapAPI\;C:\ProgramData\Tricerat\Plugins\Endpoint\X32\;C:\ProgramData\Tricerat\Plugins\Endpoint\X64\;C:\Program Files\Microsoft SQL Server\Client SDK\ODBC\170\Tools\Binn\;C:\Program Files (x86)\Microsoft SQL Server\150\Tools\Binn\;C:\Program Files\Microsoft SQL Server\150\Tools\Binn\;C:\Program Files\Microsoft SQL Server\150\DTS\Binn\;C:\Program Files (x86)\Windows Kits\8.1\Windows Performance Toolkit\;D:\Android\Git\cmd;C:\Users\Admin3\AppData\Local\Microsoft\WindowsApps;C:\Program Files\JetBrains\IntelliJ IDEA Community Edition 2021.1.3\bin;
USERNAME=admin3
OS=Windows_NT
PROCESSOR_IDENTIFIER=Intel64 Family 6 Model 158 Stepping 11, GenuineIntel



---------------  S Y S T E M  ---------------

OS:
 Windows 10 , 64 bit Build 17763 (10.0.17763.4720)
OS uptime: 0 days 9:03 hours

CPU: total 4 (initial active 4) (4 cores per cpu, 1 threads per core) family 6 model 158 stepping 11 microcode 0xde, cx8, cmov, fxsr, mmx, 3dnowpref, sse, sse2, sse3, ssse3, sse4.1, sse4.2, popcnt, lzcnt, tsc, tscinvbit, avx, avx2, aes, erms, clmul, bmi1, bmi2, adx, fma, vzeroupper, clflush, clflushopt

Memory: 4k page, system-wide physical 20424M (4063M free)
TotalPageFile size 22472M (AvailPageFile size 5M)
current process WorkingSet (physical memory assigned to process): 200M, peak: 200M
current process commit charge ("private bytes"): 480M, peak: 481M

vm_info: OpenJDK 64-Bit Server VM (17.0.2+8-86) for windows-amd64 JRE (17.0.2+8-86), built on Dec  7 2021 21:49:10 by "mach5one" with MS VC++ 16.8 / 16.9 (VS2019)

END.
